Log file open, 01/25/22 11:27:54
LogWindows: Failed to load 'aqProf.dll' (GetLastError=126)
LogWindows: File 'aqProf.dll' does not exist
LogWindows: Failed to load 'VtuneApi.dll' (GetLastError=126)
LogWindows: File 'VtuneApi.dll' does not exist
LogWindows: Failed to load 'VtuneApi32e.dll' (GetLastError=126)
LogWindows: File 'VtuneApi32e.dll' does not exist
LogConsoleResponse: Display: Failed to find resolution value strings in scalability ini. Falling back to default.
LogConsoleResponse: Display: Failed to find resolution value strings in scalability ini. Falling back to default.
LogInit: Display: Running engine for game: Game_Prototype_1
LogPlatformFile: Not using cached read wrapper
LogTaskGraph: Started task graph with 5 named threads and 47 total threads with 3 sets of task threads.
LogStats: Stats thread started at 0.267511
LogICUInternationalization: ICU TimeZone Detection - Raw Offset: +0:00, Platform Override: ''
LogInit: Display: Loading text-based GConfig....
LogPluginManager: Mounting plugin MeshPainting
LogPluginManager: Mounting plugin XGEController
LogPluginManager: Mounting plugin Paper2D
LogPluginManager: Mounting plugin LiveLink
LogPluginManager: Mounting plugin CameraShakePreviewer
LogPluginManager: Mounting plugin GameplayCameras
LogPluginManager: Mounting plugin LightPropagationVolume
LogPluginManager: Mounting plugin OodleData
LogPluginManager: Mounting plugin OodleNetwork
LogPluginManager: Mounting plugin AnimationSharing
LogPluginManager: Mounting plugin CodeLiteSourceCodeAccess
LogPluginManager: Mounting plugin GitSourceControl
LogPluginManager: Mounting plugin NullSourceCodeAccess
LogPluginManager: Mounting plugin KDevelopSourceCodeAccess
LogPluginManager: Mounting plugin CLionSourceCodeAccess
LogPluginManager: Mounting plugin PluginUtils
LogPluginManager: Mounting plugin PerforceSourceControl
LogPluginManager: Mounting plugin PlasticSourceControl
LogPluginManager: Mounting plugin RiderSourceCodeAccess
LogPluginManager: Mounting plugin TextureFormatOodle
LogPluginManager: Mounting plugin SubversionSourceControl
LogPluginManager: Mounting plugin VisualStudioCodeSourceCodeAccess
LogPluginManager: Mounting plugin VisualStudioSourceCodeAccess
LogPluginManager: Mounting plugin UObjectPlugin
LogPluginManager: Mounting plugin PixWinPlugin
LogPluginManager: Mounting plugin XCodeSourceCodeAccess
LogPluginManager: Mounting plugin PropertyAccessNode
LogPluginManager: Mounting plugin AssetManagerEditor
LogPluginManager: Mounting plugin DatasmithContent
LogPluginManager: Mounting plugin CryptoKeys
LogPluginManager: Mounting plugin CurveEditorTools
LogPluginManager: Mounting plugin DataValidation
LogPluginManager: Mounting plugin FacialAnimation
LogPluginManager: Mounting plugin GameplayTagsEditor
LogPluginManager: Mounting plugin GeometryMode
LogPluginManager: Mounting plugin MaterialAnalyzer
LogPluginManager: Mounting plugin MacGraphicsSwitching
LogPluginManager: Mounting plugin PluginBrowser
LogPluginManager: Mounting plugin AlembicImporter
LogPluginManager: Mounting plugin SpeedTreeImporter
LogPluginManager: Mounting plugin VariantManagerContent
LogPluginManager: Mounting plugin BackChannel
LogPluginManager: Mounting plugin MobileLauncherProfileWizard
LogPluginManager: Mounting plugin ChaosClothEditor
LogPluginManager: Mounting plugin ChaosCloth
LogPluginManager: Mounting plugin ChaosNiagara
LogPluginManager: Mounting plugin AutomationUtils
LogPluginManager: Mounting plugin ChaosEditor
LogPluginManager: Mounting plugin ChaosSolverPlugin
LogPluginManager: Mounting plugin CharacterAI
LogPluginManager: Mounting plugin Niagara
LogPluginManager: Mounting plugin GeometryCache
LogPluginManager: Mounting plugin GeometryCollectionPlugin
LogPluginManager: Mounting plugin GeometryProcessing
LogPluginManager: Mounting plugin OpenImageDenoise
LogPluginManager: Mounting plugin MotoSynth
LogPluginManager: Mounting plugin PlanarCut
LogPluginManager: Mounting plugin PlatformCrypto
LogPluginManager: Mounting plugin LuminPlatformFeatures
LogPluginManager: Mounting plugin ProxyLODPlugin
LogPluginManager: Mounting plugin PythonScriptPlugin
LogPluginManager: Mounting plugin MagicLeap
LogPluginManager: Mounting plugin MagicLeapLightEstimation
LogPluginManager: Mounting plugin MagicLeapMedia
LogPluginManager: Mounting plugin MLSDK
LogPluginManager: Mounting plugin SkeletalReduction
LogPluginManager: Mounting plugin MagicLeapPassableWorld
LogPluginManager: Mounting plugin AvfMedia
LogPluginManager: Mounting plugin AndroidMedia
LogPluginManager: Mounting plugin ImgMedia
LogPluginManager: Mounting plugin MediaCompositing
LogPluginManager: Mounting plugin MediaPlayerEditor
LogPluginManager: Mounting plugin WmfMedia
LogPluginManager: Mounting plugin WebMMedia
LogPluginManager: Mounting plugin TcpMessaging
LogPluginManager: Mounting plugin UdpMessaging
LogPluginManager: Mounting plugin ActorSequence
LogPluginManager: Mounting plugin MatineeToLevelSequence
LogPluginManager: Mounting plugin LevelSequenceEditor
LogPluginManager: Mounting plugin TemplateSequence
LogPluginManager: Mounting plugin OnlineSubsystem
LogPluginManager: Mounting plugin OnlineSubsystemNull
LogPluginManager: Mounting plugin OnlineSubsystemUtils
LogPluginManager: Mounting plugin LauncherChunkInstaller
LogPluginManager: Mounting plugin AndroidDeviceProfileSelector
LogPluginManager: Mounting plugin AndroidMoviePlayer
LogPluginManager: Mounting plugin AndroidPermission
LogPluginManager: Mounting plugin AppleImageUtils
LogPluginManager: Mounting plugin AppleMoviePlayer
LogPluginManager: Mounting plugin ArchVisCharacter
LogPluginManager: Mounting plugin AudioSynesthesia
LogPluginManager: Mounting plugin AudioCapture
LogPluginManager: Mounting plugin ChunkDownloader
LogPluginManager: Mounting plugin CableComponent
LogPluginManager: Mounting plugin AssetTags
LogPluginManager: Mounting plugin ActorLayerUtilities
LogPluginManager: Mounting plugin CustomMeshComponent
LogPluginManager: Mounting plugin ExampleDeviceProfileSelector
LogPluginManager: Mounting plugin GoogleCloudMessaging
LogPluginManager: Mounting plugin GooglePAD
LogPluginManager: Mounting plugin EditableMesh
LogPluginManager: Mounting plugin IOSDeviceProfileSelector
LogPluginManager: Mounting plugin LocationServicesBPLibrary
LogPluginManager: Mounting plugin LinuxDeviceProfileSelector
LogPluginManager: Mounting plugin OpenXREyeTracker
LogPluginManager: Mounting plugin OpenXR
LogPluginManager: Mounting plugin PhysXVehicles
LogPluginManager: Mounting plugin PostSplashScreen
LogPluginManager: Mounting plugin ProceduralMeshComponent
LogPluginManager: Mounting plugin MobilePatchingUtils
LogPluginManager: Mounting plugin RuntimePhysXCooking
LogPluginManager: Mounting plugin SignificanceManager
LogPluginManager: Mounting plugin PropertyAccessEditor
LogPluginManager: Mounting plugin OpenXRHandTracking
LogPluginManager: Mounting plugin SoundFields
LogPluginManager: Mounting plugin Synthesis
LogPluginManager: Mounting plugin WebMMoviePlayer
LogPluginManager: Mounting plugin ScreenshotTools
LogPluginManager: Mounting plugin WindowsMoviePlayer
LogPluginManager: Mounting plugin Takes
LogPluginManager: Mounting plugin AISupport
LogPluginManager: Mounting plugin EnvironmentQueryEditor
LogPluginManager: Mounting plugin ContentBrowserFileDataSource
LogPluginManager: Mounting plugin ContentBrowserClassDataSource
LogPluginManager: Mounting plugin ContentBrowserAssetDataSource
LogPluginManager: Mounting plugin OnlineSubsystemIOS
LogPluginManager: Mounting plugin OnlineSubsystemGooglePlay
LogPluginManager: Mounting plugin OculusVR
LogPluginManager: Mounting plugin SteamVR
PixWinPlugin: PIX capture plugin failed to initialize! Check that the process is launched from PIX.
LogInit: Using libcurl 7.55.1-DEV
LogInit:  - built for x86_64-pc-win32
LogInit:  - supports SSL with OpenSSL/1.1.1
LogInit:  - supports HTTP deflate (compression) using libz 1.2.8
LogInit:  - other features:
LogInit:      CURL_VERSION_SSL
LogInit:      CURL_VERSION_LIBZ
LogInit:      CURL_VERSION_IPV6
LogInit:      CURL_VERSION_ASYNCHDNS
LogInit:      CURL_VERSION_LARGEFILE
LogInit:      CURL_VERSION_IDN
LogInit:  CurlRequestOptions (configurable via config and command line):
LogInit:  - bVerifyPeer = true  - Libcurl will verify peer certificate
LogInit:  - bUseHttpProxy = false  - Libcurl will NOT use HTTP proxy
LogInit:  - bDontReuseConnections = false  - Libcurl will reuse connections
LogInit:  - MaxHostConnections = 16  - Libcurl will limit the number of connections to a host
LogInit:  - LocalHostAddr = Default
LogInit:  - BufferSize = 65536
LogOnline: OSS: Creating online subsystem instance for: NULL
LogInit: WinSock: version 1.1 (2.2), MaxSocks=32767, MaxUdp=65467
LogOnline: OSS: TryLoadSubsystemAndSetDefault: Loaded subsystem for module [NULL]
LogOculusPluginWrapper: OculusPlugin initialized successfully
LogHMD: Failed initializing OVRPlugin 1.59.0
LogInit: Build: ++UE4+Release-4.27-CL-18319896
LogInit: Engine Version: 4.27.2-18319896+++UE4+Release-4.27
LogInit: Compatible Engine Version: 4.27.0-17155196+++UE4+Release-4.27
LogInit: Net CL: 17155196
LogInit: OS: Windows 10 (Release 2009) (), CPU: Intel(R) Core(TM) i7-10700K CPU @ 3.80GHz, GPU: NVIDIA GeForce RTX 3060 Ti
LogInit: Compiled (64-bit): Nov 30 2021 07:12:08
LogInit: Compiled with Visual C++: 19.24.28315.00
LogInit: Build Configuration: Development
LogInit: Branch Name: ++UE4+Release-4.27
LogInit: Command Line:  -EpicPortal -epicusername="Lou Bear" -epicuserid=0d2fd3d37b3e4536b607ac321aa3323f -epiclocale=en -epicsandboxid=ue
LogInit: Base Directory: C:/unreal/UE_4.27/Engine/Binaries/Win64/
LogInit: Allocator: TBB
LogInit: Installed Engine Build: 1
LogDevObjectVersion: Number of dev versions registered: 29
LogDevObjectVersion:   Dev-Blueprints (B0D832E4-1F89-4F0D-ACCF-7EB736FD4AA2): 10
LogDevObjectVersion:   Dev-Build (E1C64328-A22C-4D53-A36C-8E866417BD8C): 0
LogDevObjectVersion:   Dev-Core (375EC13C-06E4-48FB-B500-84F0262A717E): 4
LogDevObjectVersion:   Dev-Editor (E4B068ED-F494-42E9-A231-DA0B2E46BB41): 40
LogDevObjectVersion:   Dev-Framework (CFFC743F-43B0-4480-9391-14DF171D2073): 37
LogDevObjectVersion:   Dev-Mobile (B02B49B5-BB20-44E9-A304-32B752E40360): 3
LogDevObjectVersion:   Dev-Networking (A4E4105C-59A1-49B5-A7C5-40C4547EDFEE): 0
LogDevObjectVersion:   Dev-Online (39C831C9-5AE6-47DC-9A44-9C173E1C8E7C): 0
LogDevObjectVersion:   Dev-Physics (78F01B33-EBEA-4F98-B9B4-84EACCB95AA2): 14
LogDevObjectVersion:   Dev-Platform (6631380F-2D4D-43E0-8009-CF276956A95A): 0
LogDevObjectVersion:   Dev-Rendering (12F88B9F-8875-4AFC-A67C-D90C383ABD29): 45
LogDevObjectVersion:   Dev-Sequencer (7B5AE74C-D270-4C10-A958-57980B212A5A): 13
LogDevObjectVersion:   Dev-VR (D7296918-1DD6-4BDD-9DE2-64A83CC13884): 3
LogDevObjectVersion:   Dev-LoadTimes (C2A15278-BFE7-4AFE-6C17-90FF531DF755): 1
LogDevObjectVersion:   Private-Geometry (6EACA3D4-40EC-4CC1-B786-8BED09428FC5): 3
LogDevObjectVersion:   Dev-AnimPhys (29E575DD-E0A3-4627-9D10-D276232CDCEA): 17
LogDevObjectVersion:   Dev-Anim (AF43A65D-7FD3-4947-9873-3E8ED9C1BB05): 15
LogDevObjectVersion:   Dev-ReflectionCapture (6B266CEC-1EC7-4B8F-A30B-E4D90942FC07): 1
LogDevObjectVersion:   Dev-Automation (0DF73D61-A23F-47EA-B727-89E90C41499A): 1
LogDevObjectVersion:   FortniteMain (601D1886-AC64-4F84-AA16-D3DE0DEAC7D6): 47
LogDevObjectVersion:   FortniteRelease (E7086368-6B23-4C58-8439-1B7016265E91): 1
LogDevObjectVersion:   Dev-Enterprise (9DFFBCD6-494F-0158-E221-12823C92A888): 10
LogDevObjectVersion:   Dev-Niagara (F2AED0AC-9AFE-416F-8664-AA7FFA26D6FC): 1
LogDevObjectVersion:   Dev-Destruction (174F1F0B-B4C6-45A5-B13F-2EE8D0FB917D): 10
LogDevObjectVersion:   Dev-Physics-Ext (35F94A83-E258-406C-A318-09F59610247C): 41
LogDevObjectVersion:   Dev-PhysicsMaterial-Chaos (B68FC16E-8B1B-42E2-B453-215C058844FE): 1
LogDevObjectVersion:   Dev-CineCamera (B2E18506-4273-CFC2-A54E-F4BB758BBA07): 1
LogDevObjectVersion:   Dev-VirtualProduction (64F58936-FD1B-42BA-BA96-7289D5D0FA4E): 1
LogDevObjectVersion:   Dev-MediaFramework (6F0ED827-A609-4895-9C91-998D90180EA4): 2
LogInit: Presizing for max 25165824 objects, including 0 objects not considered by GC, pre-allocating 0 bytes for permanent pool.
LogConfig: Applying CVar settings from Section [/Script/Engine.StreamingSettings] File [C:/unreal/Game/Game_Prototype_1/Saved/Config/Windows/Engine.ini]
LogConfig: Setting CVar [[s.MinBulkDataSizeForAsyncLoading:131072]]
LogConfig: Setting CVar [[s.AsyncLoadingThreadEnabled:0]]
LogConfig: Setting CVar [[s.EventDrivenLoaderEnabled:1]]
LogConfig: Setting CVar [[s.WarnIfTimeLimitExceeded:0]]
LogConfig: Setting CVar [[s.TimeLimitExceededMultiplier:1.5]]
LogConfig: Setting CVar [[s.TimeLimitExceededMinTime:0.005]]
LogConfig: Setting CVar [[s.UseBackgroundLevelStreaming:1]]
LogConfig: Setting CVar [[s.PriorityAsyncLoadingExtraTime:15.0]]
LogConfig: Setting CVar [[s.LevelStreamingActorsUpdateTimeLimit:5.0]]
LogConfig: Setting CVar [[s.PriorityLevelStreamingActorsUpdateExtraTime:5.0]]
LogConfig: Setting CVar [[s.LevelStreamingComponentsRegistrationGranularity:10]]
LogConfig: Setting CVar [[s.UnregisterComponentsTimeLimit:1.0]]
LogConfig: Setting CVar [[s.LevelStreamingComponentsUnregistrationGranularity:5]]
LogConfig: Setting CVar [[s.FlushStreamingOnExit:1]]
LogInit: Object subsystem initialized
LogConfig: Setting CVar [[con.DebugEarlyDefault:1]]
LogConfig: Setting CVar [[r.setres:1280x720]]
[2022.01.25-11.27.54:839][  0]LogConfig: Setting CVar [[r.VSync:0]]
[2022.01.25-11.27.54:839][  0]LogConfig: Setting CVar [[r.RHICmdBypass:0]]
[2022.01.25-11.27.54:839][  0]LogConfig: Applying CVar settings from Section [/Script/Engine.RendererSettings] File [C:/unreal/Game/Game_Prototype_1/Saved/Config/Windows/Engine.ini]
[2022.01.25-11.27.54:839][  0]LogConfig: Setting CVar [[r.GPUCrashDebugging:0]]
[2022.01.25-11.27.54:839][  0]LogConfig: Applying CVar settings from Section [/Script/Engine.RendererOverrideSettings] File [C:/unreal/Game/Game_Prototype_1/Saved/Config/Windows/Engine.ini]
[2022.01.25-11.27.54:839][  0]LogConfig: Applying CVar settings from Section [/Script/Engine.StreamingSettings] File [C:/unreal/Game/Game_Prototype_1/Saved/Config/Windows/Engine.ini]
[2022.01.25-11.27.54:839][  0]LogConfig: Setting CVar [[s.MinBulkDataSizeForAsyncLoading:131072]]
[2022.01.25-11.27.54:839][  0]LogConfig: Setting CVar [[s.AsyncLoadingThreadEnabled:0]]
[2022.01.25-11.27.54:839][  0]LogConfig: Setting CVar [[s.EventDrivenLoaderEnabled:1]]
[2022.01.25-11.27.54:839][  0]LogConfig: Setting CVar [[s.WarnIfTimeLimitExceeded:0]]
[2022.01.25-11.27.54:839][  0]LogConfig: Setting CVar [[s.TimeLimitExceededMultiplier:1.5]]
[2022.01.25-11.27.54:839][  0]LogConfig: Setting CVar [[s.TimeLimitExceededMinTime:0.005]]
[2022.01.25-11.27.54:839][  0]LogConfig: Setting CVar [[s.UseBackgroundLevelStreaming:1]]
[2022.01.25-11.27.54:839][  0]LogConfig: Setting CVar [[s.PriorityAsyncLoadingExtraTime:15.0]]
[2022.01.25-11.27.54:839][  0]LogConfig: Setting CVar [[s.LevelStreamingActorsUpdateTimeLimit:5.0]]
[2022.01.25-11.27.54:839][  0]LogConfig: Setting CVar [[s.PriorityLevelStreamingActorsUpdateExtraTime:5.0]]
[2022.01.25-11.27.54:839][  0]LogConfig: Setting CVar [[s.LevelStreamingComponentsRegistrationGranularity:10]]
[2022.01.25-11.27.54:839][  0]LogConfig: Setting CVar [[s.UnregisterComponentsTimeLimit:1.0]]
[2022.01.25-11.27.54:839][  0]LogConfig: Setting CVar [[s.LevelStreamingComponentsUnregistrationGranularity:5]]
[2022.01.25-11.27.54:839][  0]LogConfig: Setting CVar [[s.FlushStreamingOnExit:1]]
[2022.01.25-11.27.54:839][  0]LogConfig: Applying CVar settings from Section [/Script/Engine.GarbageCollectionSettings] File [C:/unreal/Game/Game_Prototype_1/Saved/Config/Windows/Engine.ini]
[2022.01.25-11.27.54:839][  0]LogConfig: Setting CVar [[gc.MaxObjectsNotConsideredByGC:1]]
[2022.01.25-11.27.54:839][  0]LogConfig: Setting CVar [[gc.SizeOfPermanentObjectPool:0]]
[2022.01.25-11.27.54:839][  0]LogConfig: Setting CVar [[gc.FlushStreamingOnGC:0]]
[2022.01.25-11.27.54:839][  0]LogConfig: Setting CVar [[gc.NumRetriesBeforeForcingGC:10]]
[2022.01.25-11.27.54:839][  0]LogConfig: Setting CVar [[gc.AllowParallelGC:1]]
[2022.01.25-11.27.54:839][  0]LogConfig: Setting CVar [[gc.TimeBetweenPurgingPendingKillObjects:61.1]]
[2022.01.25-11.27.54:839][  0]LogConfig: Setting CVar [[gc.MaxObjectsInEditor:25165824]]
[2022.01.25-11.27.54:839][  0]LogConfig: Setting CVar [[gc.IncrementalBeginDestroyEnabled:1]]
[2022.01.25-11.27.54:839][  0]LogConfig: Setting CVar [[gc.CreateGCClusters:1]]
[2022.01.25-11.27.54:839][  0]LogConfig: Setting CVar [[gc.MinGCClusterSize:5]]
[2022.01.25-11.27.54:839][  0]LogConfig: Setting CVar [[gc.ActorClusteringEnabled:0]]
[2022.01.25-11.27.54:839][  0]LogConfig: Setting CVar [[gc.BlueprintClusteringEnabled:0]]
[2022.01.25-11.27.54:839][  0]LogConfig: Setting CVar [[gc.UseDisregardForGCOnDedicatedServers:0]]
[2022.01.25-11.27.54:839][  0]LogConfig: Setting CVar [[gc.MultithreadedDestructionEnabled:1]]
[2022.01.25-11.27.54:839][  0]LogConfig: Applying CVar settings from Section [/Script/Engine.NetworkSettings] File [C:/unreal/Game/Game_Prototype_1/Saved/Config/Windows/Engine.ini]
[2022.01.25-11.27.54:839][  0]LogConfig: Applying CVar settings from Section [/Script/UnrealEd.CookerSettings] File [C:/unreal/Game/Game_Prototype_1/Saved/Config/Windows/Engine.ini]
[2022.01.25-11.27.54:851][  0]LogConfig: Applying CVar settings from Section [ViewDistanceQuality@3] File [C:/unreal/Game/Game_Prototype_1/Saved/Config/Windows/Scalability.ini]
[2022.01.25-11.27.54:851][  0]LogConfig: Setting CVar [[r.SkeletalMeshLODBias:0]]
[2022.01.25-11.27.54:851][  0]LogConfig: Setting CVar [[r.ViewDistanceScale:1.0]]
[2022.01.25-11.27.54:851][  0]LogConfig: Applying CVar settings from Section [AntiAliasingQuality@3] File [C:/unreal/Game/Game_Prototype_1/Saved/Config/Windows/Scalability.ini]
[2022.01.25-11.27.54:851][  0]LogConfig: Setting CVar [[r.PostProcessAAQuality:4]]
[2022.01.25-11.27.54:851][  0]LogConfig: Applying CVar settings from Section [ShadowQuality@3] File [C:/unreal/Game/Game_Prototype_1/Saved/Config/Windows/Scalability.ini]
[2022.01.25-11.27.54:851][  0]LogConfig: Setting CVar [[r.LightFunctionQuality:1]]
[2022.01.25-11.27.54:851][  0]LogConfig: Setting CVar [[r.ShadowQuality:5]]
[2022.01.25-11.27.54:851][  0]LogConfig: Setting CVar [[r.Shadow.CSM.MaxCascades:10]]
[2022.01.25-11.27.54:851][  0]LogConfig: Setting CVar [[r.Shadow.MaxResolution:2048]]
[2022.01.25-11.27.54:851][  0]LogConfig: Setting CVar [[r.Shadow.MaxCSMResolution:2048]]
[2022.01.25-11.27.54:851][  0]LogConfig: Setting CVar [[r.Shadow.RadiusThreshold:0.01]]
[2022.01.25-11.27.54:851][  0]LogConfig: Setting CVar [[r.Shadow.DistanceScale:1.0]]
[2022.01.25-11.27.54:851][  0]LogConfig: Setting CVar [[r.Shadow.CSM.TransitionScale:1.0]]
[2022.01.25-11.27.54:851][  0]LogConfig: Setting CVar [[r.Shadow.PreShadowResolutionFactor:1.0]]
[2022.01.25-11.27.54:851][  0]LogConfig: Setting CVar [[r.DistanceFieldShadowing:1]]
[2022.01.25-11.27.54:851][  0]LogConfig: Setting CVar [[r.DistanceFieldAO:1]]
[2022.01.25-11.27.54:851][  0]LogConfig: Setting CVar [[r.AOQuality:2]]
[2022.01.25-11.27.54:851][  0]LogConfig: Setting CVar [[r.VolumetricFog:1]]
[2022.01.25-11.27.54:851][  0]LogConfig: Setting CVar [[r.VolumetricFog.GridPixelSize:8]]
[2022.01.25-11.27.54:851][  0]LogConfig: Setting CVar [[r.VolumetricFog.GridSizeZ:128]]
[2022.01.25-11.27.54:851][  0]LogConfig: Setting CVar [[r.VolumetricFog.HistoryMissSupersampleCount:4]]
[2022.01.25-11.27.54:851][  0]LogConfig: Setting CVar [[r.LightMaxDrawDistanceScale:1]]
[2022.01.25-11.27.54:851][  0]LogConfig: Setting CVar [[r.CapsuleShadows:1]]
[2022.01.25-11.27.54:851][  0]LogConfig: Applying CVar settings from Section [PostProcessQuality@3] File [C:/unreal/Game/Game_Prototype_1/Saved/Config/Windows/Scalability.ini]
[2022.01.25-11.27.54:851][  0]LogConfig: Setting CVar [[r.MotionBlurQuality:4]]
[2022.01.25-11.27.54:851][  0]LogConfig: Setting CVar [[r.AmbientOcclusionMipLevelFactor:0.4]]
[2022.01.25-11.27.54:851][  0]LogConfig: Setting CVar [[r.AmbientOcclusionMaxQuality:100]]
[2022.01.25-11.27.54:851][  0]LogConfig: Setting CVar [[r.AmbientOcclusionLevels:-1]]
[2022.01.25-11.27.54:851][  0]LogConfig: Setting CVar [[r.AmbientOcclusionRadiusScale:1.0]]
[2022.01.25-11.27.54:851][  0]LogConfig: Setting CVar [[r.DepthOfFieldQuality:2]]
[2022.01.25-11.27.54:851][  0]LogConfig: Setting CVar [[r.RenderTargetPoolMin:400]]
[2022.01.25-11.27.54:851][  0]LogConfig: Setting CVar [[r.LensFlareQuality:2]]
[2022.01.25-11.27.54:851][  0]LogConfig: Setting CVar [[r.SceneColorFringeQuality:1]]
[2022.01.25-11.27.54:851][  0]LogConfig: Setting CVar [[r.EyeAdaptationQuality:2]]
[2022.01.25-11.27.54:851][  0]LogConfig: Setting CVar [[r.BloomQuality:5]]
[2022.01.25-11.27.54:851][  0]LogConfig: Setting CVar [[r.FastBlurThreshold:100]]
[2022.01.25-11.27.54:851][  0]LogConfig: Setting CVar [[r.Upscale.Quality:3]]
[2022.01.25-11.27.54:851][  0]LogConfig: Setting CVar [[r.Tonemapper.GrainQuantization:1]]
[2022.01.25-11.27.54:851][  0]LogConfig: Setting CVar [[r.LightShaftQuality:1]]
[2022.01.25-11.27.54:851][  0]LogConfig: Setting CVar [[r.Filter.SizeScale:1]]
[2022.01.25-11.27.54:851][  0]LogConfig: Setting CVar [[r.Tonemapper.Quality:5]]
[2022.01.25-11.27.54:851][  0]LogConfig: Setting CVar [[r.DOF.Gather.AccumulatorQuality:1        ; higher gathering accumulator quality]]
[2022.01.25-11.27.54:851][  0]LogConfig: Setting CVar [[r.DOF.Gather.PostfilterMethod:1          ; Median3x3 postfilering method]]
[2022.01.25-11.27.54:851][  0]LogConfig: Setting CVar [[r.DOF.Gather.EnableBokehSettings:0       ; no bokeh simulation when gathering]]
[2022.01.25-11.27.54:851][  0]LogConfig: Setting CVar [[r.DOF.Gather.RingCount:4                 ; medium number of samples when gathering]]
[2022.01.25-11.27.54:851][  0]LogConfig: Setting CVar [[r.DOF.Scatter.ForegroundCompositing:1    ; additive foreground scattering]]
[2022.01.25-11.27.54:851][  0]LogConfig: Setting CVar [[r.DOF.Scatter.BackgroundCompositing:2    ; additive background scattering]]
[2022.01.25-11.27.54:851][  0]LogConfig: Setting CVar [[r.DOF.Scatter.EnableBokehSettings:1      ; bokeh simulation when scattering]]
[2022.01.25-11.27.54:851][  0]LogConfig: Setting CVar [[r.DOF.Scatter.MaxSpriteRatio:0.1         ; only a maximum of 10% of scattered bokeh]]
[2022.01.25-11.27.54:851][  0]LogConfig: Setting CVar [[r.DOF.Recombine.Quality:1                ; cheap slight out of focus]]
[2022.01.25-11.27.54:851][  0]LogConfig: Setting CVar [[r.DOF.Recombine.EnableBokehSettings:0    ; no bokeh simulation on slight out of focus]]
[2022.01.25-11.27.54:851][  0]LogConfig: Setting CVar [[r.DOF.TemporalAAQuality:1                ; more stable temporal accumulation]]
[2022.01.25-11.27.54:851][  0]LogConfig: Setting CVar [[r.DOF.Kernel.MaxForegroundRadius:0.025]]
[2022.01.25-11.27.54:851][  0]LogConfig: Setting CVar [[r.DOF.Kernel.MaxBackgroundRadius:0.025]]
[2022.01.25-11.27.54:852][  0]LogConfig: Applying CVar settings from Section [TextureQuality@3] File [C:/unreal/Game/Game_Prototype_1/Saved/Config/Windows/Scalability.ini]
[2022.01.25-11.27.54:852][  0]LogConfig: Setting CVar [[r.Streaming.MipBias:0]]
[2022.01.25-11.27.54:852][  0]LogConfig: Setting CVar [[r.Streaming.AmortizeCPUToGPUCopy:0]]
[2022.01.25-11.27.54:852][  0]LogConfig: Setting CVar [[r.Streaming.MaxNumTexturesToStreamPerFrame:0]]
[2022.01.25-11.27.54:852][  0]LogConfig: Setting CVar [[r.Streaming.Boost:1]]
[2022.01.25-11.27.54:852][  0]LogConfig: Setting CVar [[r.MaxAnisotropy:8]]
[2022.01.25-11.27.54:852][  0]LogConfig: Setting CVar [[r.VT.MaxAnisotropy:8]]
[2022.01.25-11.27.54:852][  0]LogConfig: Setting CVar [[r.Streaming.LimitPoolSizeToVRAM:0]]
[2022.01.25-11.27.54:852][  0]LogConfig: Setting CVar [[r.Streaming.PoolSize:1000]]
[2022.01.25-11.27.54:852][  0]LogConfig: Setting CVar [[r.Streaming.MaxEffectiveScreenSize:0]]
[2022.01.25-11.27.54:852][  0]LogConfig: Applying CVar settings from Section [EffectsQuality@3] File [C:/unreal/Game/Game_Prototype_1/Saved/Config/Windows/Scalability.ini]
[2022.01.25-11.27.54:852][  0]LogConfig: Setting CVar [[r.TranslucencyLightingVolumeDim:64]]
[2022.01.25-11.27.54:852][  0]LogConfig: Setting CVar [[r.RefractionQuality:2]]
[2022.01.25-11.27.54:852][  0]LogConfig: Setting CVar [[r.SSR.Quality:3]]
[2022.01.25-11.27.54:852][  0]LogConfig: Setting CVar [[r.SSR.HalfResSceneColor:0]]
[2022.01.25-11.27.54:852][  0]LogConfig: Setting CVar [[r.SceneColorFormat:4]]
[2022.01.25-11.27.54:852][  0]LogConfig: Setting CVar [[r.DetailMode:2]]
[2022.01.25-11.27.54:852][  0]LogConfig: Setting CVar [[r.TranslucencyVolumeBlur:1]]
[2022.01.25-11.27.54:852][  0]LogConfig: Setting CVar [[r.MaterialQualityLevel:1 ; High quality]]
[2022.01.25-11.27.54:852][  0]LogConfig: Setting CVar [[r.AnisotropicMaterials:1]]
[2022.01.25-11.27.54:852][  0]LogConfig: Setting CVar [[r.SSS.Scale:1]]
[2022.01.25-11.27.54:852][  0]LogConfig: Setting CVar [[r.SSS.SampleSet:2]]
[2022.01.25-11.27.54:852][  0]LogConfig: Setting CVar [[r.SSS.Quality:1]]
[2022.01.25-11.27.54:852][  0]LogConfig: Setting CVar [[r.SSS.HalfRes:0]]
[2022.01.25-11.27.54:852][  0]LogConfig: Setting CVar [[r.SSGI.Quality:3]]
[2022.01.25-11.27.54:852][  0]LogConfig: Setting CVar [[r.EmitterSpawnRateScale:1.0]]
[2022.01.25-11.27.54:852][  0]LogConfig: Setting CVar [[r.ParticleLightQuality:2]]
[2022.01.25-11.27.54:852][  0]LogConfig: Setting CVar [[r.SkyAtmosphere.AerialPerspectiveLUT.FastApplyOnOpaque:1 ; Always have FastSkyLUT 1 in this case to avoid wrong sky]]
[2022.01.25-11.27.54:852][  0]LogConfig: Setting CVar [[r.SkyAtmosphere.AerialPerspectiveLUT.SampleCountMaxPerSlice:4]]
[2022.01.25-11.27.54:852][  0]LogConfig: Setting CVar [[r.SkyAtmosphere.AerialPerspectiveLUT.DepthResolution:16.0]]
[2022.01.25-11.27.54:852][  0]LogConfig: Setting CVar [[r.SkyAtmosphere.FastSkyLUT:1]]
[2022.01.25-11.27.54:852][  0]LogConfig: Setting CVar [[r.SkyAtmosphere.FastSkyLUT.SampleCountMin:4.0]]
[2022.01.25-11.27.54:852][  0]LogConfig: Setting CVar [[r.SkyAtmosphere.FastSkyLUT.SampleCountMax:128.0]]
[2022.01.25-11.27.54:852][  0]LogConfig: Setting CVar [[r.SkyAtmosphere.SampleCountMin:4.0]]
[2022.01.25-11.27.54:852][  0]LogConfig: Setting CVar [[r.SkyAtmosphere.SampleCountMax:128.0]]
[2022.01.25-11.27.54:852][  0]LogConfig: Setting CVar [[r.SkyAtmosphere.TransmittanceLUT.UseSmallFormat:0]]
[2022.01.25-11.27.54:852][  0]LogConfig: Setting CVar [[r.SkyAtmosphere.TransmittanceLUT.SampleCount:10.0]]
[2022.01.25-11.27.54:852][  0]LogConfig: Setting CVar [[r.SkyAtmosphere.MultiScatteringLUT.SampleCount:15.0]]
[2022.01.25-11.27.54:852][  0]LogConfig: Setting CVar [[r.SkyLight.RealTimeReflectionCapture:1]]
[2022.01.25-11.27.54:852][  0]LogConfig: Applying CVar settings from Section [FoliageQuality@3] File [C:/unreal/Game/Game_Prototype_1/Saved/Config/Windows/Scalability.ini]
[2022.01.25-11.27.54:852][  0]LogConfig: Setting CVar [[foliage.DensityScale:1.0]]
[2022.01.25-11.27.54:852][  0]LogConfig: Setting CVar [[grass.DensityScale:1.0]]
[2022.01.25-11.27.54:852][  0]LogConfig: Applying CVar settings from Section [ShadingQuality@3] File [C:/unreal/Game/Game_Prototype_1/Saved/Config/Windows/Scalability.ini]
[2022.01.25-11.27.54:852][  0]LogConfig: Setting CVar [[r.HairStrands.SkyLighting.IntegrationType:2]]
[2022.01.25-11.27.54:852][  0]LogConfig: Setting CVar [[r.HairStrands.SkyAO.SampleCount:4]]
[2022.01.25-11.27.54:852][  0]LogConfig: Setting CVar [[r.HairStrands.Visibility.MSAA.SamplePerPixel:4]]
[2022.01.25-11.27.54:852][  0]LogInit: Selected Device Profile: [Windows]
[2022.01.25-11.27.54:852][  0]LogInit: Applying CVar settings loaded from the selected device profile: [Windows]
[2022.01.25-11.27.54:852][  0]LogHAL: Display: Platform has ~ 32 GB [34277961728 / 34359738368 / 32], which maps to Largest [LargestMinGB=32, LargerMinGB=12, DefaultMinGB=8, SmallerMinGB=6, SmallestMinGB=0)
[2022.01.25-11.27.54:852][  0]LogInit: Going up to parent DeviceProfile []
[2022.01.25-11.27.54:852][  0]LogConfig: Applying CVar settings from Section [ViewDistanceQuality@3] File [C:/unreal/Game/Game_Prototype_1/Saved/Config/Windows/Scalability.ini]
[2022.01.25-11.27.54:852][  0]LogConfig: Setting CVar [[r.SkeletalMeshLODBias:0]]
[2022.01.25-11.27.54:852][  0]LogConfig: Setting CVar [[r.ViewDistanceScale:1.0]]
[2022.01.25-11.27.54:852][  0]LogConfig: Applying CVar settings from Section [AntiAliasingQuality@3] File [C:/unreal/Game/Game_Prototype_1/Saved/Config/Windows/Scalability.ini]
[2022.01.25-11.27.54:852][  0]LogConfig: Setting CVar [[r.PostProcessAAQuality:4]]
[2022.01.25-11.27.54:852][  0]LogConfig: Applying CVar settings from Section [ShadowQuality@3] File [C:/unreal/Game/Game_Prototype_1/Saved/Config/Windows/Scalability.ini]
[2022.01.25-11.27.54:852][  0]LogConfig: Setting CVar [[r.LightFunctionQuality:1]]
[2022.01.25-11.27.54:852][  0]LogConfig: Setting CVar [[r.ShadowQuality:5]]
[2022.01.25-11.27.54:852][  0]LogConfig: Setting CVar [[r.Shadow.CSM.MaxCascades:10]]
[2022.01.25-11.27.54:852][  0]LogConfig: Setting CVar [[r.Shadow.MaxResolution:2048]]
[2022.01.25-11.27.54:852][  0]LogConfig: Setting CVar [[r.Shadow.MaxCSMResolution:2048]]
[2022.01.25-11.27.54:852][  0]LogConfig: Setting CVar [[r.Shadow.RadiusThreshold:0.01]]
[2022.01.25-11.27.54:852][  0]LogConfig: Setting CVar [[r.Shadow.DistanceScale:1.0]]
[2022.01.25-11.27.54:852][  0]LogConfig: Setting CVar [[r.Shadow.CSM.TransitionScale:1.0]]
[2022.01.25-11.27.54:852][  0]LogConfig: Setting CVar [[r.Shadow.PreShadowResolutionFactor:1.0]]
[2022.01.25-11.27.54:852][  0]LogConfig: Setting CVar [[r.DistanceFieldShadowing:1]]
[2022.01.25-11.27.54:852][  0]LogConfig: Setting CVar [[r.DistanceFieldAO:1]]
[2022.01.25-11.27.54:852][  0]LogConfig: Setting CVar [[r.AOQuality:2]]
[2022.01.25-11.27.54:852][  0]LogConfig: Setting CVar [[r.VolumetricFog:1]]
[2022.01.25-11.27.54:852][  0]LogConfig: Setting CVar [[r.VolumetricFog.GridPixelSize:8]]
[2022.01.25-11.27.54:852][  0]LogConfig: Setting CVar [[r.VolumetricFog.GridSizeZ:128]]
[2022.01.25-11.27.54:852][  0]LogConfig: Setting CVar [[r.VolumetricFog.HistoryMissSupersampleCount:4]]
[2022.01.25-11.27.54:852][  0]LogConfig: Setting CVar [[r.LightMaxDrawDistanceScale:1]]
[2022.01.25-11.27.54:852][  0]LogConfig: Setting CVar [[r.CapsuleShadows:1]]
[2022.01.25-11.27.54:852][  0]LogConfig: Applying CVar settings from Section [PostProcessQuality@3] File [C:/unreal/Game/Game_Prototype_1/Saved/Config/Windows/Scalability.ini]
[2022.01.25-11.27.54:852][  0]LogConfig: Setting CVar [[r.MotionBlurQuality:4]]
[2022.01.25-11.27.54:852][  0]LogConfig: Setting CVar [[r.AmbientOcclusionMipLevelFactor:0.4]]
[2022.01.25-11.27.54:852][  0]LogConfig: Setting CVar [[r.AmbientOcclusionMaxQuality:100]]
[2022.01.25-11.27.54:852][  0]LogConfig: Setting CVar [[r.AmbientOcclusionLevels:-1]]
[2022.01.25-11.27.54:852][  0]LogConfig: Setting CVar [[r.AmbientOcclusionRadiusScale:1.0]]
[2022.01.25-11.27.54:852][  0]LogConfig: Setting CVar [[r.DepthOfFieldQuality:2]]
[2022.01.25-11.27.54:852][  0]LogConfig: Setting CVar [[r.RenderTargetPoolMin:400]]
[2022.01.25-11.27.54:852][  0]LogConfig: Setting CVar [[r.LensFlareQuality:2]]
[2022.01.25-11.27.54:852][  0]LogConfig: Setting CVar [[r.SceneColorFringeQuality:1]]
[2022.01.25-11.27.54:852][  0]LogConfig: Setting CVar [[r.EyeAdaptationQuality:2]]
[2022.01.25-11.27.54:852][  0]LogConfig: Setting CVar [[r.BloomQuality:5]]
[2022.01.25-11.27.54:852][  0]LogConfig: Setting CVar [[r.FastBlurThreshold:100]]
[2022.01.25-11.27.54:852][  0]LogConfig: Setting CVar [[r.Upscale.Quality:3]]
[2022.01.25-11.27.54:852][  0]LogConfig: Setting CVar [[r.Tonemapper.GrainQuantization:1]]
[2022.01.25-11.27.54:852][  0]LogConfig: Setting CVar [[r.LightShaftQuality:1]]
[2022.01.25-11.27.54:852][  0]LogConfig: Setting CVar [[r.Filter.SizeScale:1]]
[2022.01.25-11.27.54:852][  0]LogConfig: Setting CVar [[r.Tonemapper.Quality:5]]
[2022.01.25-11.27.54:852][  0]LogConfig: Setting CVar [[r.DOF.Gather.AccumulatorQuality:1        ; higher gathering accumulator quality]]
[2022.01.25-11.27.54:852][  0]LogConfig: Setting CVar [[r.DOF.Gather.PostfilterMethod:1          ; Median3x3 postfilering method]]
[2022.01.25-11.27.54:852][  0]LogConfig: Setting CVar [[r.DOF.Gather.EnableBokehSettings:0       ; no bokeh simulation when gathering]]
[2022.01.25-11.27.54:852][  0]LogConfig: Setting CVar [[r.DOF.Gather.RingCount:4                 ; medium number of samples when gathering]]
[2022.01.25-11.27.54:852][  0]LogConfig: Setting CVar [[r.DOF.Scatter.ForegroundCompositing:1    ; additive foreground scattering]]
[2022.01.25-11.27.54:852][  0]LogConfig: Setting CVar [[r.DOF.Scatter.BackgroundCompositing:2    ; additive background scattering]]
[2022.01.25-11.27.54:852][  0]LogConfig: Setting CVar [[r.DOF.Scatter.EnableBokehSettings:1      ; bokeh simulation when scattering]]
[2022.01.25-11.27.54:852][  0]LogConfig: Setting CVar [[r.DOF.Scatter.MaxSpriteRatio:0.1         ; only a maximum of 10% of scattered bokeh]]
[2022.01.25-11.27.54:852][  0]LogConfig: Setting CVar [[r.DOF.Recombine.Quality:1                ; cheap slight out of focus]]
[2022.01.25-11.27.54:852][  0]LogConfig: Setting CVar [[r.DOF.Recombine.EnableBokehSettings:0    ; no bokeh simulation on slight out of focus]]
[2022.01.25-11.27.54:852][  0]LogConfig: Setting CVar [[r.DOF.TemporalAAQuality:1                ; more stable temporal accumulation]]
[2022.01.25-11.27.54:852][  0]LogConfig: Setting CVar [[r.DOF.Kernel.MaxForegroundRadius:0.025]]
[2022.01.25-11.27.54:852][  0]LogConfig: Setting CVar [[r.DOF.Kernel.MaxBackgroundRadius:0.025]]
[2022.01.25-11.27.54:852][  0]LogConfig: Applying CVar settings from Section [TextureQuality@3] File [C:/unreal/Game/Game_Prototype_1/Saved/Config/Windows/Scalability.ini]
[2022.01.25-11.27.54:852][  0]LogConfig: Setting CVar [[r.Streaming.MipBias:0]]
[2022.01.25-11.27.54:852][  0]LogConfig: Setting CVar [[r.Streaming.AmortizeCPUToGPUCopy:0]]
[2022.01.25-11.27.54:852][  0]LogConfig: Setting CVar [[r.Streaming.MaxNumTexturesToStreamPerFrame:0]]
[2022.01.25-11.27.54:852][  0]LogConfig: Setting CVar [[r.Streaming.Boost:1]]
[2022.01.25-11.27.54:853][  0]LogConfig: Setting CVar [[r.MaxAnisotropy:8]]
[2022.01.25-11.27.54:853][  0]LogConfig: Setting CVar [[r.VT.MaxAnisotropy:8]]
[2022.01.25-11.27.54:853][  0]LogConfig: Setting CVar [[r.Streaming.LimitPoolSizeToVRAM:0]]
[2022.01.25-11.27.54:853][  0]LogConfig: Setting CVar [[r.Streaming.PoolSize:1000]]
[2022.01.25-11.27.54:853][  0]LogConfig: Setting CVar [[r.Streaming.MaxEffectiveScreenSize:0]]
[2022.01.25-11.27.54:853][  0]LogConfig: Applying CVar settings from Section [EffectsQuality@3] File [C:/unreal/Game/Game_Prototype_1/Saved/Config/Windows/Scalability.ini]
[2022.01.25-11.27.54:853][  0]LogConfig: Setting CVar [[r.TranslucencyLightingVolumeDim:64]]
[2022.01.25-11.27.54:853][  0]LogConfig: Setting CVar [[r.RefractionQuality:2]]
[2022.01.25-11.27.54:853][  0]LogConfig: Setting CVar [[r.SSR.Quality:3]]
[2022.01.25-11.27.54:853][  0]LogConfig: Setting CVar [[r.SSR.HalfResSceneColor:0]]
[2022.01.25-11.27.54:853][  0]LogConfig: Setting CVar [[r.SceneColorFormat:4]]
[2022.01.25-11.27.54:853][  0]LogConfig: Setting CVar [[r.DetailMode:2]]
[2022.01.25-11.27.54:853][  0]LogConfig: Setting CVar [[r.TranslucencyVolumeBlur:1]]
[2022.01.25-11.27.54:853][  0]LogConfig: Setting CVar [[r.MaterialQualityLevel:1 ; High quality]]
[2022.01.25-11.27.54:853][  0]LogConfig: Setting CVar [[r.AnisotropicMaterials:1]]
[2022.01.25-11.27.54:853][  0]LogConfig: Setting CVar [[r.SSS.Scale:1]]
[2022.01.25-11.27.54:853][  0]LogConfig: Setting CVar [[r.SSS.SampleSet:2]]
[2022.01.25-11.27.54:853][  0]LogConfig: Setting CVar [[r.SSS.Quality:1]]
[2022.01.25-11.27.54:853][  0]LogConfig: Setting CVar [[r.SSS.HalfRes:0]]
[2022.01.25-11.27.54:853][  0]LogConfig: Setting CVar [[r.SSGI.Quality:3]]
[2022.01.25-11.27.54:853][  0]LogConfig: Setting CVar [[r.EmitterSpawnRateScale:1.0]]
[2022.01.25-11.27.54:853][  0]LogConfig: Setting CVar [[r.ParticleLightQuality:2]]
[2022.01.25-11.27.54:853][  0]LogConfig: Setting CVar [[r.SkyAtmosphere.AerialPerspectiveLUT.FastApplyOnOpaque:1 ; Always have FastSkyLUT 1 in this case to avoid wrong sky]]
[2022.01.25-11.27.54:853][  0]LogConfig: Setting CVar [[r.SkyAtmosphere.AerialPerspectiveLUT.SampleCountMaxPerSlice:4]]
[2022.01.25-11.27.54:853][  0]LogConfig: Setting CVar [[r.SkyAtmosphere.AerialPerspectiveLUT.DepthResolution:16.0]]
[2022.01.25-11.27.54:853][  0]LogConfig: Setting CVar [[r.SkyAtmosphere.FastSkyLUT:1]]
[2022.01.25-11.27.54:853][  0]LogConfig: Setting CVar [[r.SkyAtmosphere.FastSkyLUT.SampleCountMin:4.0]]
[2022.01.25-11.27.54:853][  0]LogConfig: Setting CVar [[r.SkyAtmosphere.FastSkyLUT.SampleCountMax:128.0]]
[2022.01.25-11.27.54:853][  0]LogConfig: Setting CVar [[r.SkyAtmosphere.SampleCountMin:4.0]]
[2022.01.25-11.27.54:853][  0]LogConfig: Setting CVar [[r.SkyAtmosphere.SampleCountMax:128.0]]
[2022.01.25-11.27.54:853][  0]LogConfig: Setting CVar [[r.SkyAtmosphere.TransmittanceLUT.UseSmallFormat:0]]
[2022.01.25-11.27.54:853][  0]LogConfig: Setting CVar [[r.SkyAtmosphere.TransmittanceLUT.SampleCount:10.0]]
[2022.01.25-11.27.54:853][  0]LogConfig: Setting CVar [[r.SkyAtmosphere.MultiScatteringLUT.SampleCount:15.0]]
[2022.01.25-11.27.54:853][  0]LogConfig: Setting CVar [[r.SkyLight.RealTimeReflectionCapture:1]]
[2022.01.25-11.27.54:853][  0]LogConfig: Applying CVar settings from Section [FoliageQuality@3] File [C:/unreal/Game/Game_Prototype_1/Saved/Config/Windows/Scalability.ini]
[2022.01.25-11.27.54:853][  0]LogConfig: Setting CVar [[foliage.DensityScale:1.0]]
[2022.01.25-11.27.54:853][  0]LogConfig: Setting CVar [[grass.DensityScale:1.0]]
[2022.01.25-11.27.54:853][  0]LogConfig: Applying CVar settings from Section [ShadingQuality@3] File [C:/unreal/Game/Game_Prototype_1/Saved/Config/Windows/Scalability.ini]
[2022.01.25-11.27.54:853][  0]LogConfig: Setting CVar [[r.HairStrands.SkyLighting.IntegrationType:2]]
[2022.01.25-11.27.54:853][  0]LogConfig: Setting CVar [[r.HairStrands.SkyAO.SampleCount:4]]
[2022.01.25-11.27.54:853][  0]LogConfig: Setting CVar [[r.HairStrands.Visibility.MSAA.SamplePerPixel:4]]
[2022.01.25-11.27.54:853][  0]LogConfig: Applying CVar settings from Section [Startup] File [../../../Engine/Config/ConsoleVariables.ini]
[2022.01.25-11.27.54:853][  0]LogConfig: Setting CVar [[net.UseAdaptiveNetUpdateFrequency:0]]
[2022.01.25-11.27.54:853][  0]LogConfig: Setting CVar [[p.chaos.AllowCreatePhysxBodies:1]]
[2022.01.25-11.27.54:853][  0]LogConfig: Setting CVar [[fx.SkipVectorVMBackendOptimizations:1]]
[2022.01.25-11.27.54:853][  0]LogConfig: Applying CVar settings from Section [ConsoleVariables] File [C:/unreal/Game/Game_Prototype_1/Saved/Config/Windows/Engine.ini]
[2022.01.25-11.27.54:853][  0]LogConfig: Applying CVar settings from Section [ConsoleVariables] File [C:/unreal/Game/Game_Prototype_1/Saved/Config/Windows/Editor.ini]
[2022.01.25-11.27.54:853][  0]LogInit: Computer: RALPH
[2022.01.25-11.27.54:853][  0]LogInit: User: Money
[2022.01.25-11.27.54:853][  0]LogInit: CPU Page size=4096, Cores=8
[2022.01.25-11.27.54:853][  0]LogInit: High frequency timer resolution =10.000000 MHz
[2022.01.25-11.27.54:853][  0]LogMemory: Memory total: Physical=31.9GB (32GB approx)
[2022.01.25-11.27.54:853][  0]LogMemory: Platform Memory Stats for Windows
[2022.01.25-11.27.54:853][  0]LogMemory: Process Physical Memory: 151.06 MB used, 151.06 MB peak
[2022.01.25-11.27.54:853][  0]LogMemory: Process Virtual Memory: 130.88 MB used, 130.88 MB peak
[2022.01.25-11.27.54:853][  0]LogMemory: Physical Memory: 22984.64 MB used,  9705.38 MB free, 32690.01 MB total
[2022.01.25-11.27.54:853][  0]LogMemory: Virtual Memory: 134203112.00 MB used,  14619.46 MB free, 134217728.00 MB total
[2022.01.25-11.27.54:860][  0]LogWindows: WindowsPlatformFeatures enabled
[2022.01.25-11.27.54:910][  0]LogInit: Physics initialised using underlying interface: PhysX
[2022.01.25-11.27.54:911][  0]LogInit: Using OS detected language (en-GB).
[2022.01.25-11.27.54:911][  0]LogInit: Using OS detected locale (en-GB).
[2022.01.25-11.27.54:919][  0]LogTextLocalizationManager: No specific localization for 'en-GB' exists, so the 'en' localization will be used.
[2022.01.25-11.27.55:318][  0]LogInit: Setting process to per monitor DPI aware
[2022.01.25-11.27.55:330][  0]LogWindowsTextInputMethodSystem: Display: IME system deactivated.
[2022.01.25-11.27.55:357][  0]LogSlate: New Slate User Created.  User Index 0, Is Virtual User: 0
[2022.01.25-11.27.55:357][  0]LogSlate: Slate User Registered.  User Index 0, Is Virtual User: 0
[2022.01.25-11.27.57:236][  0]LogD3D11RHI: Loaded GFSDK_Aftermath_Lib.x64.dll
[2022.01.25-11.27.57:239][  0]LogHMD: Failed to initialize OpenVR with code 110
[2022.01.25-11.27.57:239][  0]LogD3D11RHI: D3D11 min allowed feature level: 11_0
[2022.01.25-11.27.57:239][  0]LogD3D11RHI: D3D11 max allowed feature level: 11_0
[2022.01.25-11.27.57:239][  0]LogD3D11RHI: D3D11 adapters:
[2022.01.25-11.27.57:312][  0]LogD3D11RHI:    0. 'NVIDIA GeForce RTX 3060 Ti' (Feature Level 11_0)
[2022.01.25-11.27.57:312][  0]LogD3D11RHI:       8050/0/16345 MB DedicatedVideo/DedicatedSystem/SharedSystem, Outputs:2, VendorId:0x10de
[2022.01.25-11.27.57:316][  0]LogD3D11RHI:    1. 'Microsoft Basic Render Driver' (Feature Level 11_0)
[2022.01.25-11.27.57:316][  0]LogD3D11RHI:       0/0/16345 MB DedicatedVideo/DedicatedSystem/SharedSystem, Outputs:0, VendorId:0x1414
[2022.01.25-11.27.57:316][  0]LogD3D11RHI: Chosen D3D11 Adapter:
[2022.01.25-11.27.57:316][  0]LogD3D11RHI:     Description : NVIDIA GeForce RTX 3060 Ti
[2022.01.25-11.27.57:316][  0]LogD3D11RHI:     VendorId    : 10de
[2022.01.25-11.27.57:316][  0]LogD3D11RHI:     DeviceId    : 2489
[2022.01.25-11.27.57:316][  0]LogD3D11RHI:     SubSysId    : 39731462
[2022.01.25-11.27.57:316][  0]LogD3D11RHI:     Revision    : 00a1
[2022.01.25-11.27.57:316][  0]LogD3D11RHI:     DedicatedVideoMemory : 8441036800 bytes
[2022.01.25-11.27.57:316][  0]LogD3D11RHI:     DedicatedSystemMemory : 0 bytes
[2022.01.25-11.27.57:316][  0]LogD3D11RHI:     SharedSystemMemory : 17138980864 bytes
[2022.01.25-11.27.57:316][  0]LogD3D11RHI:     AdapterLuid : 0 67283
[2022.01.25-11.27.57:325][  0]LogD3D11RHI: Creating new Direct3DDevice
[2022.01.25-11.27.57:325][  0]LogD3D11RHI:     GPU DeviceId: 0x2489 (for the marketing name, search the web for "GPU Device Id")
[2022.01.25-11.27.57:325][  0]LogWindows: EnumDisplayDevices:
[2022.01.25-11.27.57:325][  0]LogWindows:    0. 'NVIDIA GeForce RTX 3060 Ti' (P:0 D:1)
[2022.01.25-11.27.57:325][  0]LogWindows:    1. 'NVIDIA GeForce RTX 3060 Ti' (P:1 D:1)
[2022.01.25-11.27.57:325][  0]LogWindows:    2. 'NVIDIA GeForce RTX 3060 Ti' (P:0 D:0)
[2022.01.25-11.27.57:325][  0]LogWindows:    3. 'NVIDIA GeForce RTX 3060 Ti' (P:0 D:0)
[2022.01.25-11.27.57:325][  0]LogWindows: DebugString: FoundDriverCount:4 
[2022.01.25-11.27.57:325][  0]LogD3D11RHI:     Adapter Name: NVIDIA GeForce RTX 3060 Ti
[2022.01.25-11.27.57:325][  0]LogD3D11RHI:   Driver Version: 497.29 (internal:30.0.14.9729, unified:497.29)
[2022.01.25-11.27.57:325][  0]LogD3D11RHI:      Driver Date: 12-15-2021
[2022.01.25-11.27.57:325][  0]LogRHI: Texture pool is 5635 MB (70% of 8050 MB)
[2022.01.25-11.27.57:325][  0]LogD3D11RHI: Creating D3DDevice using adapter:
[2022.01.25-11.27.57:325][  0]LogD3D11RHI:     Description : NVIDIA GeForce RTX 3060 Ti
[2022.01.25-11.27.57:325][  0]LogD3D11RHI:     VendorId    : 10de
[2022.01.25-11.27.57:325][  0]LogD3D11RHI:     DeviceId    : 2489
[2022.01.25-11.27.57:325][  0]LogD3D11RHI:     SubSysId    : 39731462
[2022.01.25-11.27.57:325][  0]LogD3D11RHI:     Revision    : 00a1
[2022.01.25-11.27.57:325][  0]LogD3D11RHI:     DedicatedVideoMemory : 8441036800 bytes
[2022.01.25-11.27.57:325][  0]LogD3D11RHI:     DedicatedSystemMemory : 0 bytes
[2022.01.25-11.27.57:325][  0]LogD3D11RHI:     SharedSystemMemory : 17138980864 bytes
[2022.01.25-11.27.57:325][  0]LogD3D11RHI:     AdapterLuid : 0 67283
[2022.01.25-11.27.57:374][  0]LogD3D11RHI: RHI has support for 64 bit atomics
[2022.01.25-11.27.57:374][  0]LogD3D11RHI: Async texture creation enabled
[2022.01.25-11.27.57:374][  0]LogD3D11RHI: Array index from any shader is supported
[2022.01.25-11.27.57:401][  0]LogD3D11RHI: GPU Timing Frequency: 1000.000000 (Debug: 2 2)
[2022.01.25-11.27.57:441][  0]LogRHI: GeForceNow SDK initialized: 1
[2022.01.25-11.27.57:691][  0]LogTargetPlatformManager: Display: Loaded TargetPlatform 'AllDesktop'
[2022.01.25-11.27.57:708][  0]LogTargetPlatformManager: Display: Loaded TargetPlatform 'Android'
[2022.01.25-11.27.57:708][  0]LogTargetPlatformManager: Display: Loaded TargetPlatform 'Android_ASTC'
[2022.01.25-11.27.57:708][  0]LogTargetPlatformManager: Display: Loaded TargetPlatform 'Android_DXT'
[2022.01.25-11.27.57:708][  0]LogTargetPlatformManager: Display: Loaded TargetPlatform 'Android_ETC2'
[2022.01.25-11.27.57:708][  0]LogTargetPlatformManager: Display: Loaded TargetPlatform 'AndroidClient'
[2022.01.25-11.27.57:708][  0]LogTargetPlatformManager: Display: Loaded TargetPlatform 'Android_ASTCClient'
[2022.01.25-11.27.57:708][  0]LogTargetPlatformManager: Display: Loaded TargetPlatform 'Android_DXTClient'
[2022.01.25-11.27.57:708][  0]LogTargetPlatformManager: Display: Loaded TargetPlatform 'Android_ETC2Client'
[2022.01.25-11.27.57:708][  0]LogTargetPlatformManager: Display: Loaded TargetPlatform 'Android_Multi'
[2022.01.25-11.27.57:708][  0]LogTargetPlatformManager: Display: Loaded TargetPlatform 'Android_MultiClient'
[2022.01.25-11.27.57:724][  0]LogTargetPlatformManager: Display: Loaded TargetPlatform 'IOSClient'
[2022.01.25-11.27.57:724][  0]LogTargetPlatformManager: Display: Loaded TargetPlatform 'IOS'
[2022.01.25-11.27.57:731][  0]LogTargetPlatformManager: Display: Loaded TargetPlatform 'Linux'
[2022.01.25-11.27.57:734][  0]LogTargetPlatformManager: Display: Loaded TargetPlatform 'LinuxNoEditor'
[2022.01.25-11.27.57:738][  0]LogTargetPlatformManager: Display: Loaded TargetPlatform 'LinuxClient'
[2022.01.25-11.27.57:742][  0]LogTargetPlatformManager: Display: Loaded TargetPlatform 'LinuxServer'
[2022.01.25-11.27.57:749][  0]LogTargetPlatformManager: Display: Loaded TargetPlatform 'LinuxAArch64NoEditor'
[2022.01.25-11.27.57:753][  0]LogTargetPlatformManager: Display: Loaded TargetPlatform 'LinuxAArch64Client'
[2022.01.25-11.27.57:756][  0]LogTargetPlatformManager: Display: Loaded TargetPlatform 'LinuxAArch64Server'
[2022.01.25-11.27.57:773][  0]LogTargetPlatformManager: Display: Loaded TargetPlatform 'Lumin'
[2022.01.25-11.27.57:773][  0]LogTargetPlatformManager: Display: Loaded TargetPlatform 'LuminClient'
[2022.01.25-11.27.57:780][  0]LogTargetPlatformManager: Display: Loaded TargetPlatform 'MacNoEditor'
[2022.01.25-11.27.57:784][  0]LogTargetPlatformManager: Display: Loaded TargetPlatform 'Mac'
[2022.01.25-11.27.57:788][  0]LogTargetPlatformManager: Display: Loaded TargetPlatform 'MacClient'
[2022.01.25-11.27.57:791][  0]LogTargetPlatformManager: Display: Loaded TargetPlatform 'MacServer'
[2022.01.25-11.27.57:798][  0]LogTargetPlatformManager: Display: Loaded TargetPlatform 'TVOSClient'
[2022.01.25-11.27.57:798][  0]LogTargetPlatformManager: Display: Loaded TargetPlatform 'TVOS'
[2022.01.25-11.27.57:805][  0]LogTargetPlatformManager: Display: Loaded TargetPlatform 'WindowsNoEditor'
[2022.01.25-11.27.57:809][  0]LogTargetPlatformManager: Display: Loaded TargetPlatform 'Windows'
[2022.01.25-11.27.57:813][  0]LogTargetPlatformManager: Display: Loaded TargetPlatform 'WindowsClient'
[2022.01.25-11.27.57:817][  0]LogTargetPlatformManager: Display: Loaded TargetPlatform 'WindowsServer'
[2022.01.25-11.27.57:817][  0]LogTargetPlatformManager: Display: Building Assets For Windows
[2022.01.25-11.27.57:824][  0]LogAudioDebug: Display: Lib vorbis DLL was dynamically loaded.
[2022.01.25-11.27.57:852][  0]LogTextureFormatOodle: Display: Oodle Texture 2.9.0 init RDO Off
[2022.01.25-11.27.57:886][  0]LogRendererCore: Ray tracing is disabled. Reason: r.RayTracing=0.
[2022.01.25-11.27.57:887][  0]LogShaderCompilers: Guid format shader working directory is 12 characters bigger than the processId version (../../../../Game/Game_Prototype_1/Intermediate/Shaders/WorkingDirectory/16364/).
[2022.01.25-11.27.57:887][  0]LogShaderCompilers: Cleaned the shader compiler working directory 'C:/Users/Money/AppData/Local/Temp/UnrealShaderWorkingDir/4EB93B98478EBF9EC0CF3E88D6E86D63/'.
[2022.01.25-11.27.57:887][  0]LogXGEController: Cannot use XGE Controller as Incredibuild is not installed on this machine.
[2022.01.25-11.27.57:887][  0]LogShaderCompilers: Cannot use XGE Shader Compiler as Incredibuild is not installed on this machine.
[2022.01.25-11.27.57:887][  0]LogShaderCompilers: Display: Using Local Shader Compiler.
[2022.01.25-11.27.58:486][  0]LogDerivedDataCache: Display: Max Cache Size: 512 MB
[2022.01.25-11.27.58:902][  0]LogDerivedDataCache: Loaded boot cache 0.41s 94MB C:/Users/Money/AppData/Local/UnrealEngine/4.27/DerivedDataCache/Boot.ddc.
[2022.01.25-11.27.58:902][  0]LogDerivedDataCache: Display: Loaded Boot cache: C:/Users/Money/AppData/Local/UnrealEngine/4.27/DerivedDataCache/Boot.ddc
[2022.01.25-11.27.58:902][  0]LogDerivedDataCache: FDerivedDataBackendGraph:  Pak pak cache file ../../../../Game/Game_Prototype_1/DerivedDataCache/DDC.ddp not found, will not use a pak cache.
[2022.01.25-11.27.58:902][  0]LogDerivedDataCache: Unable to find inner node Pak for hierarchical cache Hierarchy.
[2022.01.25-11.27.58:902][  0]LogDerivedDataCache: FDerivedDataBackendGraph:  CompressedPak pak cache file ../../../../Game/Game_Prototype_1/DerivedDataCache/Compressed.ddp not found, will not use a pak cache.
[2022.01.25-11.27.58:902][  0]LogDerivedDataCache: Unable to find inner node CompressedPak for hierarchical cache Hierarchy.
[2022.01.25-11.27.58:916][  0]LogDerivedDataCache: Display: Pak cache opened for reading ../../../Engine/DerivedDataCache/Compressed.ddp.
[2022.01.25-11.27.58:916][  0]LogDerivedDataCache: FDerivedDataBackendGraph:  EnterprisePak pak cache file ../../../Enterprise/DerivedDataCache/Compressed.ddp not found, will not use a pak cache.
[2022.01.25-11.27.58:916][  0]LogDerivedDataCache: Unable to find inner node EnterprisePak for hierarchical cache Hierarchy.
[2022.01.25-11.27.58:926][  0]LogDerivedDataCache: Speed tests for C:/Users/Money/AppData/Local/UnrealEngine/Common/DerivedDataCache took 0.01 seconds
[2022.01.25-11.27.58:926][  0]LogDerivedDataCache: Display: Performance to C:/Users/Money/AppData/Local/UnrealEngine/Common/DerivedDataCache: Latency=0.07ms. RandomReadSpeed=168.69MBs, RandomWriteSpeed=248.97MBs. Assigned SpeedClass 'Local'
[2022.01.25-11.27.58:927][  0]LogDerivedDataCache: Using Local data cache path C:/Users/Money/AppData/Local/UnrealEngine/Common/DerivedDataCache: Writable
[2022.01.25-11.27.58:927][  0]LogDerivedDataCache: Shared data cache path not found in *engine.ini, will not use an Shared cache.
[2022.01.25-11.27.58:927][  0]LogDerivedDataCache: Unable to find inner node Shared for hierarchical cache Hierarchy.
[2022.01.25-11.27.58:964][  0]LogSlate: Using FreeType 2.10.0
[2022.01.25-11.27.58:965][  0]LogSlate: SlateFontServices - WITH_FREETYPE: 1, WITH_HARFBUZZ: 1
[2022.01.25-11.27.58:983][  0]LogAssetRegistry: FAssetRegistry took 0.0019 seconds to start up
[2022.01.25-11.27.59:158][  0]LogInit: Selected Device Profile: [Windows]
[2022.01.25-11.27.59:158][  0]LogInit: Active device profile: [00000287C57DB700][00000287C1190140 49] Windows
[2022.01.25-11.27.59:158][  0]LogInit: Profiles: [00000287C57DB700][00000287C1190140 49] Windows, [00000287C57E0A00][00000287C11982C0 49] WindowsNoEditor, [00000287C57D8B00][00000287C1194400 49] WindowsServer, [00000287C57E3100][00000287C11A4540 49] WindowsClient, [00000287C57DB000][00000287C5E26680 49] IOS, [00000287C57E1200][00000287C5E3E7C0 49] iPadAir, [00000287C57D9100][00000287BB74A940 49] iPadAir2, [00000287C577C200][00000287BB7A2C00 49] IPadPro, [00000287C577C300][00000287BB74EC40 49] iPadAir3, [00000287C57DAC00][00000287BB7C6DC0 49] iPadAir4, [00000287C577F100][00000287BB7CAF40 49] iPadMini2, [00000287C57D9400][00000287BB7CF0C0 49] iPadMini3, [00000287C577D600][00000287C16B5240 49] iPadMini4, [00000287C57DA600][00000287C119D3C0 49] iPadMini5, [00000287C577BA00][00000287C16BD680 49] iPhone6, [00000287C577BB00][00000287C16B96C0 49] iPodTouch6, [00000287C577EF00][00000287C16C5980 49] iPhone7, [00000287C577EB00][00000287C16C19C0 49] iPodTouch7, [00000287C5778F00][00000287C5C0FB40 49] iPhone5S, [00000287C577E100][00000287C5C1E140 49] iPhone6Plus, [00000287C577AC00][00000287C5C222C0 49] iPhone6S, [00000287C577D500][00000287BAB2C440 49] iPhone6SPlus, [00000287C5779500][00000287C5E42580 49] iPhone7Plus, [00000287C577C800][00000287BAB306C0 49] iPhoneSE, [00000287C577A600][00000287BAB34800 49] iPhone8, [00000287C577CC00][00000287BAB3C940 49] iPhone8Plus, [00000287C5779B00][00000287BAB4EAC0 49] iPhoneX, [00000287C577DB00][00000287BAB52C40 49] iPhoneXS, [00000287C577B900][00000287BAB56DC0 49] iPhoneXSMax, [00000287C577F000][00000287BAB5AF40 49] iPhoneXR, [00000287C5779200][00000287BAB5F0C0 49] iPhone11, [00000287C577F600][00000287BAB63240 49] iPhone11Pro, [00000287C577A800][00000287C5EA53C0 49] iPhone11ProMax, [00000287C577E400][00000287C5EA9540 49] iPhoneSE2, [00000287C577A300][00000287C5EE16C0 49] iPhone12Mini, [00000287C577E000][00000287C5EE5840 49] iPhone12, [00000287C5779C00][00000287C5EE99C0 49] iPhone12Pro, [00000287C577EC00][00000287C5EEDB40 49] iPhone12ProMax, [00000287C577AB00][00000287C5F2E140 49] iPadPro105, [00000287C577DE00][00000287C5F322C0 49] iPadPro129, [00000287C577AE00][00000287C5F3A440 49] iPadPro97, [00000287C577CA00][00000287C5F3E5C0 49] iPadPro2_129, [00000287C577BE00][00000287C5F42740 49] iPad5, [00000287C577F400][00000287BAB4A880 49] iPad6, [00000287C5779800][00000287C5F469C0 49] iPad7, [00000287C577C900][00000287C5F4AB00 49] iPad8, [00000287C577B000][00000287C16AEC80 49] iPadPro11, [00000287C577DF00][00000287C5EF0E00 49] iPadPro2_11, [00000287C5779E00][00000287BB7A6F80 49] iPadPro3_129, [00000287C577E200][00000287BB7AB100 49] iPadPro4_129, [00000287C577B700][00000287BB7AF280 49] AppleTV, [00000287C577FF00][00000287C5EDD400 49] AppleTV4K, [00000287C5779A00][00000287C5F37580 49] TVOS, [00000287C577CF00][00000287BB7B3700 49] Mac, [00000287C5778D00][00000287BB7B7880 49] MacClient, [00000287C577DD00][00000287BB7BBA00 49] MacNoEditor, [00000287C577A000][00000287BB7BFB80 49] MacServer, [00000287C577C500][00000287BB7C2180 49] Linux, [00000287C5778500][00000287BB770300 49] LinuxAArch64, [00000287C577E600][00000287BB774480 49] LinuxNoEditor, [00000287C5779100][00000287BB778600 49] LinuxAArch64NoEditor, [00000287C577F200][00000287BB77C780 49] LinuxClient, [00000287C577A700][00000287BB780900 49] LinuxAArch64Client, [00000287C577CD00][00000287C16AAA40 49] LinuxServer, [00000287C5A41F00][00000287BB784B80 49] LinuxAArch64Server, [00000287C57E1500][00000287BB788CC0 49] Android, [00000287C5A42400][00000287BB790E40 49] Android_Low, [00000287C57E1000][00000287BB794FC0 49] Android_Mid, [00000287C5A41D00][00000287BB799140 49] Android_High, [00000287C57E3500][00000287BB79D2C0 49] Android_Default, [00000287C5A41000][00000287C5B3D440 49] Android_Adreno4xx, [00000287C57E0C00][00000287C5B415C0 49] Android_Adreno5xx_Low, [00000287C5A40A00][00000287C5B45740 49] Android_Adreno5xx, [00000287C57E2500][00000287C5B498C0 49] Android_Adreno6xx, [00000287C5A40C00][00000287C5B4DA40 49] Android_Adreno6xx_Vulkan, [00000287C57E1A00][00000287C5B51BC0 49] Android_Mali_T6xx, [00000287C5A41800][00000287C5B541C0 49] Android_Mali_T7xx, [00000287C57E3400][00000287C5B58340 49] Android_Mali_T8xx, [00000287C5A40400][00000287C5B5C4C0 49] Android_Mali_G71, [00000287C57E0900][00000287C5B60640 49] Android_Mali_G72, [00000287C5A40F00][00000287C5B647C0 49] Android_Mali_G72_Vulkan, [00000287C57E0100][00000287C5B68940 49] Android_Mali_G76, [00000287C5A41C00][00000287C5B6CAC0 49] Android_Mali_G76_Vulkan, [00000287C57E1F00][00000287BB78CC00 49] Android_Mali_G77, [00000287C577CE00][00000287C5B70D40 49] Android_Mali_G77_Vulkan, [00000287C577AD00][00000287C5B74E80 49] Android_Mali_G78, [00000287C577F300][00000287C5B78FC0 49] Android_Mali_G78_Vulkan, [00000287C5779000][00000287C5B81140 49] Android_Mali_G710, [00000287C577E800][00000287C5B852C0 49] Android_Mali_G710_Vulkan, [00000287C577B300][00000287C5B89440 49] Android_Vulkan_SM5, [00000287C577DC00][00000287C5B8D5C0 49] Android_PowerVR_G6xxx, [00000287C577A500][00000287C5B91740 49] Android_PowerVR_GT7xxx, [00000287C577D700][00000287C5B958C0 49] Android_PowerVR_GE8xxx, [00000287C577B600][00000287C5B99A40 49] Android_PowerVR_GM9xxx, [00000287C577FE00][00000287C5B9DBC0 49] Android_PowerVR_GM9xxx_Vulkan, [00000287C5A40300][00000287C5BA01C0 49] Android_TegraK1, [00000287C577D000][00000287C5BA4340 49] Android_Unknown_Vulkan, [00000287C5A40700][00000287C5BA84C0 49] Lumin, [00000287C577E700][00000287C5BAC640 49] Lumin_Desktop, [00000287C5A41200][00000287C5BB07C0 49] HoloLens, 
[2022.01.25-11.27.59:307][  0]LogMeshReduction: Using QuadricMeshReduction for automatic static mesh reduction
[2022.01.25-11.27.59:307][  0]LogMeshReduction: Using SimplygonMeshReduction for automatic skeletal mesh reduction
[2022.01.25-11.27.59:307][  0]LogMeshReduction: Using ProxyLODMeshReduction for automatic mesh merging
[2022.01.25-11.27.59:307][  0]LogMeshReduction: No distributed automatic mesh merging module available
[2022.01.25-11.27.59:308][  0]LogMeshMerging: No distributed automatic mesh merging module available
[2022.01.25-11.27.59:320][  0]LogNetVersion: Game_Prototype_1 1.0.0, NetCL: 17155196, EngineNetVer: 17, GameNetVer: 0 (Checksum: 3397953073)
[2022.01.25-11.27.59:642][  0]LogTexture: Default maximum texture size for cubemaps generated from long-lat sources has been changed from 512 to unlimited. In order to preserve old behaiour for '/Engine/MapTemplates/Sky/DaylightAmbientCubemap.DaylightAmbientCubemap', its maximum texture size has been explicitly set to 512.
[2022.01.25-11.27.59:685][  0]LogHMD: PokeAHoleMaterial loaded successfully
[2022.01.25-11.27.59:689][  0]LogUObjectArray: 17178 objects as part of root set at end of initial load.
[2022.01.25-11.27.59:689][  0]LogUObjectAllocator: 4302048 out of 0 bytes used by permanent object pool.
[2022.01.25-11.27.59:689][  0]LogUObjectArray: CloseDisregardForGC: 0/0 objects in disregard for GC pool
[2022.01.25-11.27.59:962][  0]LogNiagaraDebuggerClient: Niagara Debugger Client Initialized | Session: 9D60C6B942C5C0506E6773B849139CFB | Instance: F1497C0E47FCD3831D4D5CBA8815A98A (RALPH-16364).
[2022.01.25-11.27.59:999][  0]LogPython: Using Python 3.7.7
[2022.01.25-11.28.00:504][  0]LogTcpMessaging: Initializing TcpMessaging bridge
[2022.01.25-11.28.00:509][  0]LogUdpMessaging: Initializing bridge on interface 0.0.0.0:0 to multicast group 230.0.0.1:6666.
[2022.01.25-11.28.00:597][  0]LogLinker: Warning: Failed to load '/Game/ThirdPersonBP/ThirdPersonOverview': Can't find file.
[2022.01.25-11.28.00:597][  0]LogLinker: Warning: Failed to load '/Game/ThirdPersonBP/ThirdPersonOverview': Can't find file.
[2022.01.25-11.28.00:597][  0]LogUObjectGlobals: Warning: Failed to find object 'Class /Game/ThirdPersonBP/ThirdPersonOverview.ThirdPersonOverview_C'
[2022.01.25-11.28.00:677][  0]SourceControl: Source control is disabled
[2022.01.25-11.28.00:677][  0]SourceControl: Source control is disabled
[2022.01.25-11.28.00:687][  0]SourceControl: Source control is disabled
[2022.01.25-11.28.00:690][  0]SourceControl: Source control is disabled
[2022.01.25-11.28.00:698][  0]SourceControl: Source control is disabled
[2022.01.25-11.28.00:700][  0]LogUProjectInfo: Found projects:
[2022.01.25-11.28.00:897][  0]LogOpenImageDenoise: OIDN starting up
[2022.01.25-11.28.00:937][  0]LogAndroidPermission: UAndroidPermissionCallbackProxy::GetInstance
[2022.01.25-11.28.00:953][  0]LogAudioCaptureCore: Display: No Audio Capture implementations found. Audio input will be silent.
[2022.01.25-11.28.00:953][  0]LogAudioCaptureCore: Display: No Audio Capture implementations found. Audio input will be silent.
[2022.01.25-11.28.01:074][  0]LogCollectionManager: Loaded 0 collections in 0.000617 seconds
[2022.01.25-11.28.01:096][  0]LogFileCache: Scanning file cache for directory 'C:/unreal/Game/Game_Prototype_1/Saved/Collections/' took 0.00s
[2022.01.25-11.28.01:096][  0]LogFileCache: Scanning file cache for directory 'C:/unreal/Game/Game_Prototype_1/Content/Developers/Money/Collections/' took 0.00s
[2022.01.25-11.28.01:096][  0]LogFileCache: Scanning file cache for directory 'C:/unreal/Game/Game_Prototype_1/Content/Collections/' took 0.00s
[2022.01.25-11.28.01:096][  0]LogOcInput: OculusInput pre-init called
[2022.01.25-11.28.01:265][  0]LogEngine: Initializing Engine...
[2022.01.25-11.28.01:267][  0]LogHMD: Failed to enumerate extensions. Please check that you have a valid OpenXR runtime installed.
[2022.01.25-11.28.01:267][  0]LogHMD: Failed to initialize OpenVR with code 110
[2022.01.25-11.28.01:267][  0]LogMagicLeap: Warning: VR disabled because ZI is not enabled.  To enable, in the editor, Edit -> Project Settings -> Plugins -> Magic Leap Plugin -> Enable Zero Iteration
[2022.01.25-11.28.01:268][  0]LogStats: UGameplayTagsManager::InitializeManager -  0.000 s
[2022.01.25-11.28.01:369][  0]LogInit: Initializing FReadOnlyCVARCache
[2022.01.25-11.28.01:377][  0]LogAIModule: Creating AISystem for world Untitled
[2022.01.25-11.28.01:377][  0]LogAudio: Display: Initializing Audio Device Manager...
[2022.01.25-11.28.01:382][  0]LogAudio: Display: Loading Default Audio Settings Objects...
[2022.01.25-11.28.01:382][  0]LogAudio: Display: No default SoundConcurrencyObject specified (or failed to load).
[2022.01.25-11.28.01:383][  0]LogAudio: Display: Audio Device Manager Initialized
[2022.01.25-11.28.01:383][  0]LogAudio: Display: Creating Audio Device:                 Id: 1, Scope: Shared, Realtime: True
[2022.01.25-11.28.01:383][  0]LogAudioMixer: Display: Audio Mixer Platform Settings:
[2022.01.25-11.28.01:383][  0]LogAudioMixer: Display: 	Sample Rate:						  48000
[2022.01.25-11.28.01:383][  0]LogAudioMixer: Display: 	Callback Buffer Frame Size Requested: 1024
[2022.01.25-11.28.01:383][  0]LogAudioMixer: Display: 	Callback Buffer Frame Size To Use:	  1024
[2022.01.25-11.28.01:383][  0]LogAudioMixer: Display: 	Number of buffers to queue:			  2
[2022.01.25-11.28.01:383][  0]LogAudioMixer: Display: 	Max Channels (voices):				  32
[2022.01.25-11.28.01:383][  0]LogAudioMixer: Display: 	Number of Async Source Workers:		  0
[2022.01.25-11.28.01:383][  0]LogAudio: Display: AudioDevice MaxSources: 32
[2022.01.25-11.28.01:383][  0]LogAudio: Display: Audio Spatialization Plugin: None (built-in).
[2022.01.25-11.28.01:383][  0]LogAudio: Display: Audio Reverb Plugin: None (built-in).
[2022.01.25-11.28.01:383][  0]LogAudio: Display: Audio Occlusion Plugin: None (built-in).
[2022.01.25-11.28.01:383][  0]LogAudioMixer: Display: Initializing audio mixer.
[2022.01.25-11.28.01:398][  0]LogAudioMixer: Display: 0: FrontLeft
[2022.01.25-11.28.01:398][  0]LogAudioMixer: Display: 1: FrontRight
[2022.01.25-11.28.01:407][  0]LogAudioMixer: Display: Using Audio Device Speakers (VB-Audio Virtual Cable)
[2022.01.25-11.28.01:411][  0]LogAudioMixer: Display: Initializing Sound Submixes...
[2022.01.25-11.28.01:413][  0]LogAudioMixer: Display: Creating Master Submix 'MasterSubmixDefault'
[2022.01.25-11.28.01:413][  0]LogAudioMixer: Display: Creating Master Submix 'MasterReverbSubmixDefault'
[2022.01.25-11.28.01:414][  0]LogAudioMixer: Display: Creating Master Submix 'MasterEQSubmixDefault'
[2022.01.25-11.28.01:414][  0]LogAudioMixer: FMixerPlatformXAudio2::StartAudioStream() called
[2022.01.25-11.28.01:414][  0]LogAudioMixer: Display: Output buffers initialized: Frames=1024, Channels=2, Samples=2048
[2022.01.25-11.28.01:415][  0]LogAudioMixer: Display: Starting AudioMixerPlatformInterface::RunInternal()
[2022.01.25-11.28.01:415][  0]LogAudioMixer: Display: FMixerPlatformXAudio2::SubmitBuffer() called for the first time
[2022.01.25-11.28.01:415][  0]LogInit: FAudioDevice initialized.
[2022.01.25-11.28.01:415][  0]LogAudio: Display: Audio Device (ID: 1) registered with world 'Untitled'.
[2022.01.25-11.28.01:415][  0]LogNetVersion: Set ProjectVersion to 1.0.0.0. Version Checksum will be recalculated on next use.
[2022.01.25-11.28.01:540][  0]LogDerivedDataCache: Saved boot cache 0.13s 94MB C:/Users/Money/AppData/Local/UnrealEngine/4.27/DerivedDataCache/Boot.ddc.
[2022.01.25-11.28.01:541][  0]LogInit: Texture streaming: Enabled
[2022.01.25-11.28.01:552][  0]LogAnalytics: Display: [UEEditor.Rocket.Release] APIServer = https://datarouter.ol.epicgames.com/. AppVersion = 4.27.2-18319896+++UE4+Release-4.27
[2022.01.25-11.28.01:556][  0]LogEngineSessionManager: EngineSessionManager initialized
[2022.01.25-11.28.01:557][  0]LogEngineSessionManager: EngineSessionManager sent abnormal shutdown report. Type=Crashed, SessionId={280DCB5D-4BF1-1D09-A7B2-64B3B7741126}
[2022.01.25-11.28.01:557][  0]LogEditorSessionSummary: Verbose: Initializing EditorSessionSummaryWriter for editor session tracking
[2022.01.25-11.28.01:558][  0]LogEditorSessionSummary: EditorSessionSummaryWriter initialized
[2022.01.25-11.28.01:584][  0]LogInit: Transaction tracking system initialized
[2022.01.25-11.28.01:609][  0]BlueprintLog: New page: Editor Load
[2022.01.25-11.28.01:669][  0]LocalizationService: Localization service is disabled
[2022.01.25-11.28.01:695][  0]TimingProfiler: Initialize
[2022.01.25-11.28.01:695][  0]TimingProfiler: OnSessionChanged
[2022.01.25-11.28.01:695][  0]LoadingProfiler: Initialize
[2022.01.25-11.28.01:695][  0]LoadingProfiler: OnSessionChanged
[2022.01.25-11.28.01:695][  0]NetworkingProfiler: Initialize
[2022.01.25-11.28.01:695][  0]NetworkingProfiler: OnSessionChanged
[2022.01.25-11.28.01:695][  0]MemoryProfiler: Initialize
[2022.01.25-11.28.01:695][  0]MemoryProfiler: OnSessionChanged
[2022.01.25-11.28.01:834][  0]LogCook: Display: CookSettings for Memory: MemoryMaxUsedVirtual 0MiB, MemoryMaxUsedPhysical 16384MiB, MemoryMinFreeVirtual 0MiB, MemoryMinFreePhysical 1024MiB
[2022.01.25-11.28.01:834][  0]LogCook: Display: Mobile HDR setting 1
[2022.01.25-11.28.01:840][  0]LogFileCache: Scanning file cache for directory 'C:/unreal/Game/Game_Prototype_1/Content/' took 0.00s
[2022.01.25-11.28.02:152][  0]LogInit: Display: Engine is initialized. Leaving FEngineLoop::Init()
[2022.01.25-11.28.02:155][  0]SourceControl: Source control is disabled
[2022.01.25-11.28.02:155][  0]LogUnrealEdMisc: Loading editor; pre map load, took 8.324
[2022.01.25-11.28.02:155][  0]Cmd: MAP LOAD FILE="../../../Engine/Content/Maps/Templates/Template_Default.umap" TEMPLATE=1 SHOWPROGRESS=1 FEATURELEVEL=3
[2022.01.25-11.28.02:155][  0]LightingResults: New page: Lighting Build
[2022.01.25-11.28.02:157][  0]LogWorld: UWorld::CleanupWorld for Untitled, bSessionEnded=true, bCleanupResources=true
[2022.01.25-11.28.02:157][  0]LogSlate: InvalidateAllWidgets triggered.  All widgets were invalidated
[2022.01.25-11.28.02:157][  0]MapCheck: New page: Map Check
[2022.01.25-11.28.02:157][  0]LightingResults: New page: Lighting Build
[2022.01.25-11.28.02:172][  0]LogAudio: Display: Audio Device unregistered from world 'None'.
[2022.01.25-11.28.02:174][  0]LogUObjectHash: Compacting FUObjectHashTables data took   0.64ms
[2022.01.25-11.28.02:224][  0]LogTexture: Display: Building textures: DeprecatedTextureEB9CBE3C423008B5E8E130901E171C89 (BGRA8, 128X128)
[2022.01.25-11.28.02:233][  0]LogAudio: Display: Audio Device (ID: 1) registered with world 'Untitled_1'.
[2022.01.25-11.28.02:234][  0]LogAIModule: Creating AISystem for world Untitled_1
[2022.01.25-11.28.02:236][  0]LogEditorServer: Finished looking for orphan Actors (0.000 secs)
[2022.01.25-11.28.02:242][  0]LogUObjectHash: Compacting FUObjectHashTables data took   0.69ms
[2022.01.25-11.28.02:242][  0]Cmd: MAP CHECKDEP NOCLEARLOG
[2022.01.25-11.28.02:242][  0]MapCheck: Map check complete: 0 Error(s), 0 Warning(s), took 0.117ms to complete.
[2022.01.25-11.28.02:242][  0]LogFileHelpers: Loading map 'Template_Default' took 0.087
[2022.01.25-11.28.02:244][  0]LogUnrealEdMisc: Total Editor Startup Time, took 8.413
[2022.01.25-11.28.02:367][  0]LogSlate: Updating window title bar state: overlay mode, drag disabled, window buttons hidden, title bar hidden
[2022.01.25-11.28.02:372][  0]LogSlate: Updating window title bar state: overlay mode, drag disabled, window buttons hidden, title bar hidden
[2022.01.25-11.28.02:376][  0]LogSlate: Updating window title bar state: overlay mode, drag disabled, window buttons hidden, title bar hidden
[2022.01.25-11.28.02:380][  0]LogSlate: Updating window title bar state: overlay mode, drag disabled, window buttons hidden, title bar hidden
[2022.01.25-11.28.02:391][  0]LogNativeClassHierarchy: Verbose: Native class hierarchy populated in 0.0074 seconds. Added 3826 classes and 930 folders.
[2022.01.25-11.28.02:395][  0]LogNativeClassHierarchy: Verbose: Native class hierarchy updated for 'WidgetCarousel' in 0.0002 seconds. Added 0 classes and 0 folders.
[2022.01.25-11.28.02:397][  0]LogPakFile: PakFile PrimaryIndexSize=187
[2022.01.25-11.28.02:397][  0]LogPakFile: PakFile PathHashIndexSize=101
[2022.01.25-11.28.02:397][  0]LogPakFile: PakFile FullDirectoryIndexSize=148
[2022.01.25-11.28.02:397][  0]LogShaderLibrary: Display: ShaderCodeLibraryPakFileMountedCallback: PakFile 'C:/unreal/UE_4.27/FeaturePacks/FP_FirstPerson.upack' (chunk index -1, root 'root:/') mounted
[2022.01.25-11.28.02:397][  0]LogShaderLibrary: Display: ShaderCodeLibraryPakFileMountedCallback: pending pak file info (ChunkID:-1 Root:root:/ File:C:/unreal/UE_4.27/FeaturePacks/FP_FirstPerson.upack)
[2022.01.25-11.28.02:397][  0]LogPakFile: OnPakFileMounted2Time == 0.000042
[2022.01.25-11.28.02:398][  0]LogPakFile: PakFile PrimaryIndexSize=189
[2022.01.25-11.28.02:398][  0]LogPakFile: PakFile PathHashIndexSize=101
[2022.01.25-11.28.02:398][  0]LogPakFile: PakFile FullDirectoryIndexSize=152
[2022.01.25-11.28.02:398][  0]LogShaderLibrary: Display: ShaderCodeLibraryPakFileMountedCallback: PakFile 'C:/unreal/UE_4.27/FeaturePacks/FP_FirstPersonBP.upack' (chunk index -1, root 'root:/') mounted
[2022.01.25-11.28.02:398][  0]LogShaderLibrary: Display: ShaderCodeLibraryPakFileMountedCallback: pending pak file info (ChunkID:-1 Root:root:/ File:C:/unreal/UE_4.27/FeaturePacks/FP_FirstPersonBP.upack)
[2022.01.25-11.28.02:398][  0]LogPakFile: OnPakFileMounted2Time == 0.000027
[2022.01.25-11.28.02:400][  0]LogPakFile: PakFile PrimaryIndexSize=191
[2022.01.25-11.28.02:400][  0]LogPakFile: PakFile PathHashIndexSize=101
[2022.01.25-11.28.02:400][  0]LogPakFile: PakFile FullDirectoryIndexSize=160
[2022.01.25-11.28.02:400][  0]LogShaderLibrary: Display: ShaderCodeLibraryPakFileMountedCallback: PakFile 'C:/unreal/UE_4.27/FeaturePacks/MobileStarterContent.upack' (chunk index -1, root 'root:/') mounted
[2022.01.25-11.28.02:400][  0]LogShaderLibrary: Display: ShaderCodeLibraryPakFileMountedCallback: pending pak file info (ChunkID:-1 Root:root:/ File:C:/unreal/UE_4.27/FeaturePacks/MobileStarterContent.upack)
[2022.01.25-11.28.02:400][  0]LogPakFile: OnPakFileMounted2Time == 0.000024
[2022.01.25-11.28.02:401][  0]LogPakFile: PakFile PrimaryIndexSize=185
[2022.01.25-11.28.02:401][  0]LogPakFile: PakFile PathHashIndexSize=101
[2022.01.25-11.28.02:401][  0]LogPakFile: PakFile FullDirectoryIndexSize=148
[2022.01.25-11.28.02:401][  0]LogShaderLibrary: Display: ShaderCodeLibraryPakFileMountedCallback: PakFile 'C:/unreal/UE_4.27/FeaturePacks/StarterContent.upack' (chunk index -1, root 'root:/') mounted
[2022.01.25-11.28.02:401][  0]LogShaderLibrary: Display: ShaderCodeLibraryPakFileMountedCallback: pending pak file info (ChunkID:-1 Root:root:/ File:C:/unreal/UE_4.27/FeaturePacks/StarterContent.upack)
[2022.01.25-11.28.02:401][  0]LogPakFile: OnPakFileMounted2Time == 0.000027
[2022.01.25-11.28.02:403][  0]LogPakFile: PakFile PrimaryIndexSize=190
[2022.01.25-11.28.02:403][  0]LogPakFile: PakFile PathHashIndexSize=101
[2022.01.25-11.28.02:403][  0]LogPakFile: PakFile FullDirectoryIndexSize=154
[2022.01.25-11.28.02:403][  0]LogShaderLibrary: Display: ShaderCodeLibraryPakFileMountedCallback: PakFile 'C:/unreal/UE_4.27/FeaturePacks/TP_2DSideScroller.upack' (chunk index -1, root 'root:/') mounted
[2022.01.25-11.28.02:403][  0]LogShaderLibrary: Display: ShaderCodeLibraryPakFileMountedCallback: pending pak file info (ChunkID:-1 Root:root:/ File:C:/unreal/UE_4.27/FeaturePacks/TP_2DSideScroller.upack)
[2022.01.25-11.28.02:403][  0]LogPakFile: OnPakFileMounted2Time == 0.000024
[2022.01.25-11.28.02:404][  0]LogPakFile: PakFile PrimaryIndexSize=192
[2022.01.25-11.28.02:404][  0]LogPakFile: PakFile PathHashIndexSize=101
[2022.01.25-11.28.02:404][  0]LogPakFile: PakFile FullDirectoryIndexSize=158
[2022.01.25-11.28.02:404][  0]LogShaderLibrary: Display: ShaderCodeLibraryPakFileMountedCallback: PakFile 'C:/unreal/UE_4.27/FeaturePacks/TP_2DSideScrollerBP.upack' (chunk index -1, root 'root:/') mounted
[2022.01.25-11.28.02:404][  0]LogShaderLibrary: Display: ShaderCodeLibraryPakFileMountedCallback: pending pak file info (ChunkID:-1 Root:root:/ File:C:/unreal/UE_4.27/FeaturePacks/TP_2DSideScrollerBP.upack)
[2022.01.25-11.28.02:404][  0]LogPakFile: OnPakFileMounted2Time == 0.000024
[2022.01.25-11.28.02:405][  0]LogPakFile: PakFile PrimaryIndexSize=182
[2022.01.25-11.28.02:405][  0]LogPakFile: PakFile PathHashIndexSize=101
[2022.01.25-11.28.02:405][  0]LogPakFile: PakFile FullDirectoryIndexSize=138
[2022.01.25-11.28.02:405][  0]LogShaderLibrary: Display: ShaderCodeLibraryPakFileMountedCallback: PakFile 'C:/unreal/UE_4.27/FeaturePacks/TP_Flying.upack' (chunk index -1, root 'root:/') mounted
[2022.01.25-11.28.02:405][  0]LogShaderLibrary: Display: ShaderCodeLibraryPakFileMountedCallback: pending pak file info (ChunkID:-1 Root:root:/ File:C:/unreal/UE_4.27/FeaturePacks/TP_Flying.upack)
[2022.01.25-11.28.02:405][  0]LogPakFile: OnPakFileMounted2Time == 0.000024
[2022.01.25-11.28.02:407][  0]LogPakFile: PakFile PrimaryIndexSize=184
[2022.01.25-11.28.02:407][  0]LogPakFile: PakFile PathHashIndexSize=101
[2022.01.25-11.28.02:407][  0]LogPakFile: PakFile FullDirectoryIndexSize=142
[2022.01.25-11.28.02:407][  0]LogShaderLibrary: Display: ShaderCodeLibraryPakFileMountedCallback: PakFile 'C:/unreal/UE_4.27/FeaturePacks/TP_FlyingBP.upack' (chunk index -1, root 'root:/') mounted
[2022.01.25-11.28.02:407][  0]LogShaderLibrary: Display: ShaderCodeLibraryPakFileMountedCallback: pending pak file info (ChunkID:-1 Root:root:/ File:C:/unreal/UE_4.27/FeaturePacks/TP_FlyingBP.upack)
[2022.01.25-11.28.02:407][  0]LogPakFile: OnPakFileMounted2Time == 0.000028
[2022.01.25-11.28.02:408][  0]LogPakFile: PakFile PrimaryIndexSize=188
[2022.01.25-11.28.02:408][  0]LogPakFile: PakFile PathHashIndexSize=101
[2022.01.25-11.28.02:408][  0]LogPakFile: PakFile FullDirectoryIndexSize=150
[2022.01.25-11.28.02:408][  0]LogShaderLibrary: Display: ShaderCodeLibraryPakFileMountedCallback: PakFile 'C:/unreal/UE_4.27/FeaturePacks/TP_HandheldARBP.upack' (chunk index -1, root 'root:/') mounted
[2022.01.25-11.28.02:408][  0]LogShaderLibrary: Display: ShaderCodeLibraryPakFileMountedCallback: pending pak file info (ChunkID:-1 Root:root:/ File:C:/unreal/UE_4.27/FeaturePacks/TP_HandheldARBP.upack)
[2022.01.25-11.28.02:408][  0]LogPakFile: OnPakFileMounted2Time == 0.000026
[2022.01.25-11.28.02:413][  0]LogPakFile: PakFile PrimaryIndexSize=182
[2022.01.25-11.28.02:413][  0]LogPakFile: PakFile PathHashIndexSize=101
[2022.01.25-11.28.02:413][  0]LogPakFile: PakFile FullDirectoryIndexSize=138
[2022.01.25-11.28.02:413][  0]LogShaderLibrary: Display: ShaderCodeLibraryPakFileMountedCallback: PakFile 'C:/unreal/UE_4.27/FeaturePacks/TP_Puzzle.upack' (chunk index -1, root 'root:/') mounted
[2022.01.25-11.28.02:413][  0]LogShaderLibrary: Display: ShaderCodeLibraryPakFileMountedCallback: pending pak file info (ChunkID:-1 Root:root:/ File:C:/unreal/UE_4.27/FeaturePacks/TP_Puzzle.upack)
[2022.01.25-11.28.02:413][  0]LogPakFile: OnPakFileMounted2Time == 0.000031
[2022.01.25-11.28.02:415][  0]LogPakFile: PakFile PrimaryIndexSize=184
[2022.01.25-11.28.02:415][  0]LogPakFile: PakFile PathHashIndexSize=101
[2022.01.25-11.28.02:415][  0]LogPakFile: PakFile FullDirectoryIndexSize=142
[2022.01.25-11.28.02:415][  0]LogShaderLibrary: Display: ShaderCodeLibraryPakFileMountedCallback: PakFile 'C:/unreal/UE_4.27/FeaturePacks/TP_PuzzleBP.upack' (chunk index -1, root 'root:/') mounted
[2022.01.25-11.28.02:415][  0]LogShaderLibrary: Display: ShaderCodeLibraryPakFileMountedCallback: pending pak file info (ChunkID:-1 Root:root:/ File:C:/unreal/UE_4.27/FeaturePacks/TP_PuzzleBP.upack)
[2022.01.25-11.28.02:415][  0]LogPakFile: OnPakFileMounted2Time == 0.000025
[2022.01.25-11.28.02:416][  0]LogPakFile: PakFile PrimaryIndexSize=183
[2022.01.25-11.28.02:416][  0]LogPakFile: PakFile PathHashIndexSize=101
[2022.01.25-11.28.02:416][  0]LogPakFile: PakFile FullDirectoryIndexSize=140
[2022.01.25-11.28.02:416][  0]LogShaderLibrary: Display: ShaderCodeLibraryPakFileMountedCallback: PakFile 'C:/unreal/UE_4.27/FeaturePacks/TP_Rolling.upack' (chunk index -1, root 'root:/') mounted
[2022.01.25-11.28.02:416][  0]LogShaderLibrary: Display: ShaderCodeLibraryPakFileMountedCallback: pending pak file info (ChunkID:-1 Root:root:/ File:C:/unreal/UE_4.27/FeaturePacks/TP_Rolling.upack)
[2022.01.25-11.28.02:416][  0]LogPakFile: OnPakFileMounted2Time == 0.000024
[2022.01.25-11.28.02:417][  0]LogPakFile: PakFile PrimaryIndexSize=185
[2022.01.25-11.28.02:417][  0]LogPakFile: PakFile PathHashIndexSize=101
[2022.01.25-11.28.02:417][  0]LogPakFile: PakFile FullDirectoryIndexSize=144
[2022.01.25-11.28.02:417][  0]LogShaderLibrary: Display: ShaderCodeLibraryPakFileMountedCallback: PakFile 'C:/unreal/UE_4.27/FeaturePacks/TP_RollingBP.upack' (chunk index -1, root 'root:/') mounted
[2022.01.25-11.28.02:417][  0]LogShaderLibrary: Display: ShaderCodeLibraryPakFileMountedCallback: pending pak file info (ChunkID:-1 Root:root:/ File:C:/unreal/UE_4.27/FeaturePacks/TP_RollingBP.upack)
[2022.01.25-11.28.02:417][  0]LogPakFile: OnPakFileMounted2Time == 0.000025
[2022.01.25-11.28.02:418][  0]LogPakFile: PakFile PrimaryIndexSize=188
[2022.01.25-11.28.02:418][  0]LogPakFile: PakFile PathHashIndexSize=101
[2022.01.25-11.28.02:418][  0]LogPakFile: PakFile FullDirectoryIndexSize=150
[2022.01.25-11.28.02:418][  0]LogShaderLibrary: Display: ShaderCodeLibraryPakFileMountedCallback: PakFile 'C:/unreal/UE_4.27/FeaturePacks/TP_SideScroller.upack' (chunk index -1, root 'root:/') mounted
[2022.01.25-11.28.02:418][  0]LogShaderLibrary: Display: ShaderCodeLibraryPakFileMountedCallback: pending pak file info (ChunkID:-1 Root:root:/ File:C:/unreal/UE_4.27/FeaturePacks/TP_SideScroller.upack)
[2022.01.25-11.28.02:418][  0]LogPakFile: OnPakFileMounted2Time == 0.000023
[2022.01.25-11.28.02:420][  0]LogPakFile: PakFile PrimaryIndexSize=190
[2022.01.25-11.28.02:420][  0]LogPakFile: PakFile PathHashIndexSize=101
[2022.01.25-11.28.02:420][  0]LogPakFile: PakFile FullDirectoryIndexSize=154
[2022.01.25-11.28.02:420][  0]LogShaderLibrary: Display: ShaderCodeLibraryPakFileMountedCallback: PakFile 'C:/unreal/UE_4.27/FeaturePacks/TP_SideScrollerBP.upack' (chunk index -1, root 'root:/') mounted
[2022.01.25-11.28.02:420][  0]LogShaderLibrary: Display: ShaderCodeLibraryPakFileMountedCallback: pending pak file info (ChunkID:-1 Root:root:/ File:C:/unreal/UE_4.27/FeaturePacks/TP_SideScrollerBP.upack)
[2022.01.25-11.28.02:420][  0]LogPakFile: OnPakFileMounted2Time == 0.000027
[2022.01.25-11.28.02:421][  0]LogPakFile: PakFile PrimaryIndexSize=187
[2022.01.25-11.28.02:421][  0]LogPakFile: PakFile PathHashIndexSize=101
[2022.01.25-11.28.02:421][  0]LogPakFile: PakFile FullDirectoryIndexSize=148
[2022.01.25-11.28.02:421][  0]LogShaderLibrary: Display: ShaderCodeLibraryPakFileMountedCallback: PakFile 'C:/unreal/UE_4.27/FeaturePacks/TP_ThirdPerson.upack' (chunk index -1, root 'root:/') mounted
[2022.01.25-11.28.02:421][  0]LogShaderLibrary: Display: ShaderCodeLibraryPakFileMountedCallback: pending pak file info (ChunkID:-1 Root:root:/ File:C:/unreal/UE_4.27/FeaturePacks/TP_ThirdPerson.upack)
[2022.01.25-11.28.02:421][  0]LogPakFile: OnPakFileMounted2Time == 0.000024
[2022.01.25-11.28.02:422][  0]LogPakFile: PakFile PrimaryIndexSize=189
[2022.01.25-11.28.02:422][  0]LogPakFile: PakFile PathHashIndexSize=101
[2022.01.25-11.28.02:422][  0]LogPakFile: PakFile FullDirectoryIndexSize=152
[2022.01.25-11.28.02:422][  0]LogShaderLibrary: Display: ShaderCodeLibraryPakFileMountedCallback: PakFile 'C:/unreal/UE_4.27/FeaturePacks/TP_ThirdPersonBP.upack' (chunk index -1, root 'root:/') mounted
[2022.01.25-11.28.02:422][  0]LogShaderLibrary: Display: ShaderCodeLibraryPakFileMountedCallback: pending pak file info (ChunkID:-1 Root:root:/ File:C:/unreal/UE_4.27/FeaturePacks/TP_ThirdPersonBP.upack)
[2022.01.25-11.28.02:422][  0]LogPakFile: OnPakFileMounted2Time == 0.000023
[2022.01.25-11.28.02:424][  0]LogPakFile: PakFile PrimaryIndexSize=183
[2022.01.25-11.28.02:424][  0]LogPakFile: PakFile PathHashIndexSize=101
[2022.01.25-11.28.02:424][  0]LogPakFile: PakFile FullDirectoryIndexSize=140
[2022.01.25-11.28.02:424][  0]LogShaderLibrary: Display: ShaderCodeLibraryPakFileMountedCallback: PakFile 'C:/unreal/UE_4.27/FeaturePacks/TP_TopDown.upack' (chunk index -1, root 'root:/') mounted
[2022.01.25-11.28.02:424][  0]LogShaderLibrary: Display: ShaderCodeLibraryPakFileMountedCallback: pending pak file info (ChunkID:-1 Root:root:/ File:C:/unreal/UE_4.27/FeaturePacks/TP_TopDown.upack)
[2022.01.25-11.28.02:424][  0]LogPakFile: OnPakFileMounted2Time == 0.000032
[2022.01.25-11.28.02:425][  0]LogPakFile: PakFile PrimaryIndexSize=185
[2022.01.25-11.28.02:425][  0]LogPakFile: PakFile PathHashIndexSize=101
[2022.01.25-11.28.02:425][  0]LogPakFile: PakFile FullDirectoryIndexSize=144
[2022.01.25-11.28.02:425][  0]LogShaderLibrary: Display: ShaderCodeLibraryPakFileMountedCallback: PakFile 'C:/unreal/UE_4.27/FeaturePacks/TP_TopDownBP.upack' (chunk index -1, root 'root:/') mounted
[2022.01.25-11.28.02:425][  0]LogShaderLibrary: Display: ShaderCodeLibraryPakFileMountedCallback: pending pak file info (ChunkID:-1 Root:root:/ File:C:/unreal/UE_4.27/FeaturePacks/TP_TopDownBP.upack)
[2022.01.25-11.28.02:425][  0]LogPakFile: OnPakFileMounted2Time == 0.000024
[2022.01.25-11.28.02:427][  0]LogPakFile: PakFile PrimaryIndexSize=185
[2022.01.25-11.28.02:427][  0]LogPakFile: PakFile PathHashIndexSize=101
[2022.01.25-11.28.02:427][  0]LogPakFile: PakFile FullDirectoryIndexSize=144
[2022.01.25-11.28.02:427][  0]LogShaderLibrary: Display: ShaderCodeLibraryPakFileMountedCallback: PakFile 'C:/unreal/UE_4.27/FeaturePacks/TP_TwinStick.upack' (chunk index -1, root 'root:/') mounted
[2022.01.25-11.28.02:427][  0]LogShaderLibrary: Display: ShaderCodeLibraryPakFileMountedCallback: pending pak file info (ChunkID:-1 Root:root:/ File:C:/unreal/UE_4.27/FeaturePacks/TP_TwinStick.upack)
[2022.01.25-11.28.02:427][  0]LogPakFile: OnPakFileMounted2Time == 0.000025
[2022.01.25-11.28.02:428][  0]LogPakFile: PakFile PrimaryIndexSize=187
[2022.01.25-11.28.02:428][  0]LogPakFile: PakFile PathHashIndexSize=101
[2022.01.25-11.28.02:428][  0]LogPakFile: PakFile FullDirectoryIndexSize=148
[2022.01.25-11.28.02:428][  0]LogShaderLibrary: Display: ShaderCodeLibraryPakFileMountedCallback: PakFile 'C:/unreal/UE_4.27/FeaturePacks/TP_TwinStickBP.upack' (chunk index -1, root 'root:/') mounted
[2022.01.25-11.28.02:428][  0]LogShaderLibrary: Display: ShaderCodeLibraryPakFileMountedCallback: pending pak file info (ChunkID:-1 Root:root:/ File:C:/unreal/UE_4.27/FeaturePacks/TP_TwinStickBP.upack)
[2022.01.25-11.28.02:428][  0]LogPakFile: OnPakFileMounted2Time == 0.000032
[2022.01.25-11.28.02:430][  0]LogPakFile: PakFile PrimaryIndexSize=183
[2022.01.25-11.28.02:430][  0]LogPakFile: PakFile PathHashIndexSize=101
[2022.01.25-11.28.02:430][  0]LogPakFile: PakFile FullDirectoryIndexSize=140
[2022.01.25-11.28.02:430][  0]LogShaderLibrary: Display: ShaderCodeLibraryPakFileMountedCallback: PakFile 'C:/unreal/UE_4.27/FeaturePacks/TP_Vehicle.upack' (chunk index -1, root 'root:/') mounted
[2022.01.25-11.28.02:430][  0]LogShaderLibrary: Display: ShaderCodeLibraryPakFileMountedCallback: pending pak file info (ChunkID:-1 Root:root:/ File:C:/unreal/UE_4.27/FeaturePacks/TP_Vehicle.upack)
[2022.01.25-11.28.02:430][  0]LogPakFile: OnPakFileMounted2Time == 0.000025
[2022.01.25-11.28.02:431][  0]LogPakFile: PakFile PrimaryIndexSize=186
[2022.01.25-11.28.02:431][  0]LogPakFile: PakFile PathHashIndexSize=101
[2022.01.25-11.28.02:431][  0]LogPakFile: PakFile FullDirectoryIndexSize=146
[2022.01.25-11.28.02:431][  0]LogShaderLibrary: Display: ShaderCodeLibraryPakFileMountedCallback: PakFile 'C:/unreal/UE_4.27/FeaturePacks/TP_VehicleAdv.upack' (chunk index -1, root 'root:/') mounted
[2022.01.25-11.28.02:431][  0]LogShaderLibrary: Display: ShaderCodeLibraryPakFileMountedCallback: pending pak file info (ChunkID:-1 Root:root:/ File:C:/unreal/UE_4.27/FeaturePacks/TP_VehicleAdv.upack)
[2022.01.25-11.28.02:431][  0]LogPakFile: OnPakFileMounted2Time == 0.000025
[2022.01.25-11.28.02:433][  0]LogPakFile: PakFile PrimaryIndexSize=188
[2022.01.25-11.28.02:433][  0]LogPakFile: PakFile PathHashIndexSize=101
[2022.01.25-11.28.02:433][  0]LogPakFile: PakFile FullDirectoryIndexSize=150
[2022.01.25-11.28.02:433][  0]LogShaderLibrary: Display: ShaderCodeLibraryPakFileMountedCallback: PakFile 'C:/unreal/UE_4.27/FeaturePacks/TP_VehicleAdvBP.upack' (chunk index -1, root 'root:/') mounted
[2022.01.25-11.28.02:433][  0]LogShaderLibrary: Display: ShaderCodeLibraryPakFileMountedCallback: pending pak file info (ChunkID:-1 Root:root:/ File:C:/unreal/UE_4.27/FeaturePacks/TP_VehicleAdvBP.upack)
[2022.01.25-11.28.02:433][  0]LogPakFile: OnPakFileMounted2Time == 0.000025
[2022.01.25-11.28.02:434][  0]LogPakFile: PakFile PrimaryIndexSize=185
[2022.01.25-11.28.02:434][  0]LogPakFile: PakFile PathHashIndexSize=101
[2022.01.25-11.28.02:435][  0]LogPakFile: PakFile FullDirectoryIndexSize=144
[2022.01.25-11.28.02:435][  0]LogShaderLibrary: Display: ShaderCodeLibraryPakFileMountedCallback: PakFile 'C:/unreal/UE_4.27/FeaturePacks/TP_VehicleBP.upack' (chunk index -1, root 'root:/') mounted
[2022.01.25-11.28.02:435][  0]LogShaderLibrary: Display: ShaderCodeLibraryPakFileMountedCallback: pending pak file info (ChunkID:-1 Root:root:/ File:C:/unreal/UE_4.27/FeaturePacks/TP_VehicleBP.upack)
[2022.01.25-11.28.02:435][  0]LogPakFile: OnPakFileMounted2Time == 0.000030
[2022.01.25-11.28.02:436][  0]LogPakFile: PakFile PrimaryIndexSize=192
[2022.01.25-11.28.02:436][  0]LogPakFile: PakFile PathHashIndexSize=101
[2022.01.25-11.28.02:436][  0]LogPakFile: PakFile FullDirectoryIndexSize=158
[2022.01.25-11.28.02:436][  0]LogShaderLibrary: Display: ShaderCodeLibraryPakFileMountedCallback: PakFile 'C:/unreal/UE_4.27/FeaturePacks/TP_VirtualRealityBP.upack' (chunk index -1, root 'root:/') mounted
[2022.01.25-11.28.02:436][  0]LogShaderLibrary: Display: ShaderCodeLibraryPakFileMountedCallback: pending pak file info (ChunkID:-1 Root:root:/ File:C:/unreal/UE_4.27/FeaturePacks/TP_VirtualRealityBP.upack)
[2022.01.25-11.28.02:436][  0]LogPakFile: OnPakFileMounted2Time == 0.000024
[2022.01.25-11.28.02:511][  0]LogNativeClassHierarchy: Verbose: Native class hierarchy updated for 'AddContentDialog' in 0.0003 seconds. Added 0 classes and 0 folders.
[2022.01.25-11.28.02:515][  0]LogNativeClassHierarchy: Verbose: Native class hierarchy updated for 'SceneOutliner' in 0.0003 seconds. Added 2 classes and 0 folders.
[2022.01.25-11.28.02:760][  0]LogSlate: Only BGRA pngs, bmps or icos are supported in by External Image Picker
[2022.01.25-11.28.02:877][  0]LogSlate: Took 0.000151 seconds to synchronously load lazily loaded font '../../../Engine/Content/Slate/Fonts/Roboto-Regular.ttf' (155K)
[2022.01.25-11.28.02:879][  0]LogSlate: Took 0.001592 seconds to synchronously load lazily loaded font '../../../Engine/Content/Editor/Slate/Fonts/FontAwesome.ttf' (139K)
[2022.01.25-11.28.02:880][  0]LogSlate: Took 0.000079 seconds to synchronously load lazily loaded font '../../../Engine/Content/Slate/Fonts/Roboto-Bold.ttf' (160K)
[2022.01.25-11.28.02:967][  0]LogRenderer: Reallocating scene render targets to support 1208x648 Format 10 NumSamples 1 (Frame:1).
[2022.01.25-11.28.03:056][  0]LogNativeClassHierarchy: Verbose: Native class hierarchy updated for 'HierarchicalLODOutliner' in 0.0003 seconds. Added 0 classes and 0 folders.
[2022.01.25-11.28.03:056][  0]LogLoad: (Engine Initialization) Total time: 9.23 seconds
[2022.01.25-11.28.03:056][  0]LogLoad: (Engine Initialization) Total Blueprint compile time: 0.00 seconds
[2022.01.25-11.28.03:094][  0]LogAssetRegistry: Asset discovery search completed in 4.1118 seconds
[2022.01.25-11.28.03:101][  0]LogCollectionManager: Fixed up redirectors for 0 collections in 0.000004 seconds (updated 0 objects)
[2022.01.25-11.28.03:103][  0]LogContentStreaming: Texture pool size now 1000 MB
[2022.01.25-11.28.03:748][  2]LogSlate: Took 0.005386 seconds to synchronously load lazily loaded font '../../../Engine/Content/Slate/Fonts/Roboto-Light.ttf' (167K)
[2022.01.25-11.28.07:738][165]LogSlate: Window 'Project Settings' being destroyed
[2022.01.25-11.28.07:743][165]LogSlate: Window 'Project Settings' being destroyed
[2022.01.25-11.28.19:760][499]LogSlate: Took 0.000145 seconds to synchronously load lazily loaded font '../../../Engine/Content/Slate/Fonts/Roboto-Light.ttf' (167K)
[2022.01.25-11.28.19:798][499]LogEditorClassViewer: Warning: Class /Engine/Tutorial/InWorldBlueprintEditing/TutorialAssets/IWBE_Blutility.IWBE_Blutility_C has parent /Script/Blutility.PlacedEditorUtilityBase, but this parent is not found. The Class will not be shown in ClassViewer.
[2022.01.25-11.28.19:865][499]LogSlate: Took 0.000832 seconds to synchronously load lazily loaded font '../../../Engine/Content/Slate/Fonts/Roboto-BoldCondensed.ttf' (158K)
[2022.01.25-11.28.30:922][749]LogAssetEditorSubsystem: Opening Asset editor for Blueprint /Game/Blueprints/Spawner_BP.Spawner_BP
[2022.01.25-11.28.31:167][749]LogNativeClassHierarchy: Verbose: Native class hierarchy updated for 'BlueprintGraph' in 0.0005 seconds. Added 126 classes and 0 folders.
[2022.01.25-11.28.31:810][749]LogSlate: Window 'Add Blueprint Class' being destroyed
[2022.01.25-11.28.31:857][750]LogRenderer: Reallocating scene render targets to support 1208x704 Format 10 NumSamples 1 (Frame:1).
[2022.01.25-11.28.33:241][863]LogSlate: Took 0.000103 seconds to synchronously load lazily loaded font '../../../Engine/Content/Slate/Fonts/Roboto-Italic.ttf' (157K)
[2022.01.25-11.28.35:311][ 65]BlueprintLog: New page: Compile Spawner_BP
[2022.01.25-11.28.35:352][ 65]LogUObjectHash: Compacting FUObjectHashTables data took   1.73ms
[2022.01.25-11.28.35:779][ 98]Cmd: OBJ SAVEPACKAGE PACKAGE="/Game/Blueprints/Spawner_BP" FILE="../../../../Game/Game_Prototype_1/Content/Blueprints/Spawner_BP.uasset" SILENT=true
[2022.01.25-11.28.35:781][ 98]LogSavePackage: Moving '../../../../Game/Game_Prototype_1/Saved/Spawner_BP89EEABC046DA34445E2845B0204ED07B.tmp' to '../../../../Game/Game_Prototype_1/Content/Blueprints/Spawner_BP.uasset'
[2022.01.25-11.28.35:796][ 98]AssetCheck: New page: Asset Save: Spawner_BP
[2022.01.25-11.28.35:796][ 98]LogContentValidation: Display: Validating Blueprint /Game/Blueprints/Spawner_BP.Spawner_BP
[2022.01.25-11.28.37:825][305]LogEditorViewport: Clicking on Actor (LMB): StaticMeshActor (Floor)
[2022.01.25-11.28.38:542][376]LogUObjectHash: Compacting FUObjectHashTables data took   1.68ms
[2022.01.25-11.30.56:870][330]LogD3D11RHI: Error: Result failed 
 at D:/Build/++UE4/Sync/Engine/Source/Runtime/Windows/D3D11RHI/Private/D3D11Query.cpp:360 
 with error DXGI_ERROR_DEVICE_REMOVED DXGI_ERROR_DEVICE_REMOVED
[2022.01.25-11.30.56:870][330]LogD3D11RHI: [Aftermath] GDynamicRHI=00000287A3315640, GDX11NVAfterMathEnabled=0, Result=0xFFFFFFFF, bDeviceActive=0
[2022.01.25-11.30.56:870][330]LogWindows: Windows GetLastError: The operation completed successfully. (0)
[2022.01.25-11.30.57:844][330]LogWindows: FPlatformMisc::RequestExit(0)
[2022.01.25-11.30.57:844][330]LogWindows: FPlatformMisc::RequestExitWithStatus(0, 0)
[2022.01.25-11.30.57:844][330]LogCore: Engine exit requested (reason: Win RequestExit)
[2022.01.25-11.30.57:844][330]LogWindows: FPlatformMisc::RequestExit(1)
[2022.01.25-11.30.57:844][330]LogWindows: FPlatformMisc::RequestExitWithStatus(1, 3)
[2022.01.25-11.30.57:844][330]LogCore: Engine exit requested (reason: Win RequestExit; note: exit was already requested)
[2022.01.25-11.30.57:860][330]Log file closed, 01/25/22 11:30:57
